"E:/Studio2_Team6/VRS2T6_Project/Content/Maps/Home_Map_BuiltData.uasset" 0
"E:/Studio2_Team6/VRS2T6_Project/Content/StarterContent/Materials/M_Basic_Wall.uasset" 1
"E:/Studio2_Team6/VRS2T6_Project/Content/StarterContent/Shapes/Shape_Sphere.uasset" 2
"E:/Studio2_Team6/VRS2T6_Project/Content/BennyBoy.uasset" 3
"../../../Engine/Content/BasicShapes/BasicShapeMaterial.uasset" 4
"../../../Engine/Content/EditorSounds/Notifications/CompileFailed.uasset" 5
"../../../Engine/Content/EngineMeshes/Sphere.uasset" 6
"E:/Studio2_Team6/VRS2T6_Project/Content/MainVRCharacter.uasset" 7
"E:/Studio2_Team6/VRS2T6_Project/Content/Mixamo_BoneMapping.uasset" 8
"E:/Studio2_Team6/VRS2T6_Project/Content/AI/GenericNPC/BB_NPC.uasset" 9
"E:/Studio2_Team6/VRS2T6_Project/Content/AI/Tasks/DecrementPathIndex.uasset" 10
"E:/Studio2_Team6/VRS2T6_Project/Content/AI/PatrolPath.uasset" 11
"../../../Engine/Content/EngineMeshes/Humanoid.uasset" 12
"E:/Studio2_Team6/VRS2T6_Project/Content/Mannequin/Character/Mesh/UE4_Mannequin_Skeleton.uasset" 13
"E:/Studio2_Team6/VRS2T6_Project/Content/Mannequin/Animations/ThirdPerson_Jump.uasset" 14
"E:/Studio2_Team6/VRS2T6_Project/Content/Mannequin/Animations/ThirdPersonJump_Loop.uasset" 15
"E:/Studio2_Team6/VRS2T6_Project/Content/Mannequin/Animations/ThirdPersonJump_Start.uasset" 16
"E:/Studio2_Team6/VRS2T6_Project/Content/Mannequin/Animations/ThirdPersonIdle.uasset" 17
"E:/Studio2_Team6/VRS2T6_Project/Content/Mannequin/Animations/ThirdPersonRun.uasset" 18
"E:/Studio2_Team6/VRS2T6_Project/Content/Mannequin/Animations/ThirdPersonWalk.uasset" 19
"E:/Studio2_Team6/VRS2T6_Project/Content/Mannequin/Animations/ThirdPerson_IdleRun_2D.uasset" 20
"../../../Engine/Content/EditorBlueprintResources/StandardMacros.uasset" 21
"E:/Studio2_Team6/VRS2T6_Project/Content/Mannequin/Animations/ThirdPerson_AnimBP.uasset" 22
"E:/Studio2_Team6/VRS2T6_Project/Content/AI/GenericNPC/AI_NPC.uasset" 23
"../../../Engine/Content/Functions/Engine_MaterialFunctions02/Utility/BlendAngleCorrectedNormals.uasset" 24
"../../../Engine/Content/Functions/MaterialLayerFunctions/MatLayerBlend_NormalBlend.uasset" 25
"../../../Engine/Content/Functions/MaterialLayerFunctions/MatLayerBlend_Simple.uasset" 26
"E:/Studio2_Team6/VRS2T6_Project/Content/Mannequin/Character/Materials/MaterialLayers/T_ML_Rubber_Blue_01_D.uasset" 27
"E:/Studio2_Team6/VRS2T6_Project/Content/Mannequin/Character/Materials/MaterialLayers/T_ML_Rubber_Blue_01_N.uasset" 28
"E:/Studio2_Team6/VRS2T6_Project/Content/Mannequin/Character/Materials/MaterialLayers/ML_GlossyBlack_Latex_UE4.uasset" 29
"E:/Studio2_Team6/VRS2T6_Project/Content/Mannequin/Character/Materials/MaterialLayers/ML_Plastic_Shiny_Beige.uasset" 30
"E:/Studio2_Team6/VRS2T6_Project/Content/Mannequin/Character/Textures/UE4_LOGO_CARD.uasset" 31
"E:/Studio2_Team6/VRS2T6_Project/Content/Mannequin/Character/Materials/MaterialLayers/ML_Plastic_Shiny_Beige_LOGO.uasset" 32
"E:/Studio2_Team6/VRS2T6_Project/Content/Mannequin/Character/Materials/MaterialLayers/T_ML_Aluminum01.uasset" 33
"E:/Studio2_Team6/VRS2T6_Project/Content/Mannequin/Character/Materials/MaterialLayers/T_ML_Aluminum01_N.uasset" 34
"E:/Studio2_Team6/VRS2T6_Project/Content/Mannequin/Character/Materials/MaterialLayers/ML_SoftMetal_UE4.uasset" 35
"E:/Studio2_Team6/VRS2T6_Project/Content/Mannequin/Character/Textures/UE4_Mannequin__normals.uasset" 36
"E:/Studio2_Team6/VRS2T6_Project/Content/Mannequin/Character/Textures/UE4_Mannequin_MAT_MASKA.uasset" 37
"E:/Studio2_Team6/VRS2T6_Project/Content/Mannequin/Character/Materials/M_UE4Man_Body.uasset" 38
"E:/Studio2_Team6/VRS2T6_Project/Content/Mannequin/Character/Textures/UE4Man_Logo_N.uasset" 39
"E:/Studio2_Team6/VRS2T6_Project/Content/Mannequin/Character/Materials/M_UE4Man_ChestLogo.uasset" 40
"E:/Studio2_Team6/VRS2T6_Project/Content/Mannequin/Character/Mesh/SK_Mannequin_PhysicsAsset.uasset" 41
"E:/Studio2_Team6/VRS2T6_Project/Content/Mannequin/Character/Mesh/SK_Mannequin.uasset" 42
"E:/Studio2_Team6/VRS2T6_Project/Content/AI/GenericNPC/NPC.uasset" 43
"E:/Studio2_Team6/VRS2T6_Project/Content/AI/InfectedNPC/BB_iNPC.uasset" 44
"E:/Studio2_Team6/VRS2T6_Project/Content/AI/Tasks/IncrementPathIndex.uasset" 45
"E:/Studio2_Team6/VRS2T6_Project/Content/AI/Tasks/LoopPath.uasset" 46
"E:/Studio2_Team6/VRS2T6_Project/Content/AI/InfectedNPC/BT_iNPC.uasset" 47
"E:/Studio2_Team6/VRS2T6_Project/Content/AI/InfectedNPC/AI_iNPC.uasset" 48
"E:/Studio2_Team6/VRS2T6_Project/Content/AI/InfectedNPC/iNPC.uasset" 49
"E:/Studio2_Team6/VRS2T6_Project/Content/AI/Tasks/FindPathPoint.uasset" 50
"E:/Studio2_Team6/VRS2T6_Project/Content/AI/GenericNPC/BT_NPC.uasset" 51
"E:/Studio2_Team6/VRS2T6_Project/Content/AI/GenericNPC/AC_NPC.uasset" 52
"E:/Studio2_Team6/VRS2T6_Project/Content/AI/GenericNPC/PatrolPath.uasset" 53
"E:/Studio2_Team6/VRS2T6_Project/Content/AI/InfectedNPC/AC_iNPC.uasset" 54
"E:/Studio2_Team6/VRS2T6_Project/Content/Animations/AboutToSneeze.uasset" 55
"E:/Studio2_Team6/VRS2T6_Project/Content/Animations/Dab.uasset" 56
"E:/Studio2_Team6/VRS2T6_Project/Content/AI/MultiStateNPC/BB_MSNPC.uasset" 57
"E:/Studio2_Team6/VRS2T6_Project/Content/AI/MultiStateNPC/MultiIncrementPath.uasset" 58
"E:/Studio2_Team6/VRS2T6_Project/Content/AI/MultiStateNPC/MultiPathFind.uasset" 59
"E:/Studio2_Team6/VRS2T6_Project/Content/AI/MultiStateNPC/RedeterminePath.uasset" 60
"E:/Studio2_Team6/VRS2T6_Project/Content/AI/MultiStateNPC/ReturnToStart.uasset" 61
"E:/Studio2_Team6/VRS2T6_Project/Content/AI/MultiStateNPC/BT_MSNPC.uasset" 62
"E:/Studio2_Team6/VRS2T6_Project/Content/AI/MultiStateNPC/AI_MSNPC.uasset" 63
"E:/Studio2_Team6/VRS2T6_Project/Content/AI/MultiStateNPC/BP_MSNPC.uasset" 64
"E:/Studio2_Team6/VRS2T6_Project/Content/AI/MultiStateNPC/Sneeze.uasset" 65
"E:/Studio2_Team6/VRS2T6_Project/Content/Animations/M_UE4Man_Body.uasset" 66
"E:/Studio2_Team6/VRS2T6_Project/Content/Animations/M_UE4Man_ChestLogo.uasset" 67
"E:/Studio2_Team6/VRS2T6_Project/Content/Animations/Crying__1__PhysicsAsset.uasset" 68
"E:/Studio2_Team6/VRS2T6_Project/Content/Animations/Crying__1__Skeleton.uasset" 69
"E:/Studio2_Team6/VRS2T6_Project/Content/Animations/Crying__1_.uasset" 70
"E:/Studio2_Team6/VRS2T6_Project/Content/Animations/Crying__1__Anim_mixamo_com.uasset" 71
"E:/Studio2_Team6/VRS2T6_Project/Content/Animations/Crying__1__Anim_Take_001.uasset" 72
"E:/Studio2_Team6/VRS2T6_Project/Content/VirtualRealityBP/Blueprints/PickupActorInterface.uasset" 73
"../../../Engine/Content/Functions/Engine_MaterialFunctions01/Opacity/CameraDepthFade.uasset" 74
"../../../Engine/Content/EngineMaterials/T_Default_Material_Grid_M.uasset" 75
"../../../Engine/Content/EngineMaterials/T_Default_Material_Grid_N.uasset" 76
"../../../Engine/Content/EngineMaterials/WorldGridMaterial.uasset" 77
"../../../Engine/Content/BasicShapes/Cube.uasset" 78
"../../../Engine/Content/EngineMaterials/DefaultMaterial.uasset" 79
"../../../Engine/Content/BasicShapes/Sphere.uasset" 80
"E:/Studio2_Team6/VRS2T6_Project/Content/Assets/Barbell_BP.uasset" 81
"../../../Engine/Content/BasicShapes/Cylinder.uasset" 82
"E:/Studio2_Team6/VRS2T6_Project/Content/Assets/Swab_BP.uasset" 83
"E:/Studio2_Team6/VRS2T6_Project/Content/Assets/progressbar.uasset" 84
"E:/Studio2_Team6/VRS2T6_Project/Content/Widgets/SneezeWidget.uasset" 85
"E:/Studio2_Team6/VRS2T6_Project/Content/Widgets/TestSneezer.uasset" 86
"E:/Studio2_Team6/VRS2T6_Project/Content/QuickTimeEvents/e_EventState.uasset" 87
"E:/Studio2_Team6/VRS2T6_Project/Content/QuickTimeEvents/s_EventWidgetPosition.uasset" 88
"E:/Studio2_Team6/VRS2T6_Project/Content/QuickTimeEvents/s_EventInfo.uasset" 89
"E:/Studio2_Team6/VRS2T6_Project/Content/StarterContent/Textures/T_Perlin_Noise_M.uasset" 90
"E:/Studio2_Team6/VRS2T6_Project/Content/StarterContent/Textures/T_Wood_Floor_Walnut_D.uasset" 91
"E:/Studio2_Team6/VRS2T6_Project/Content/StarterContent/Textures/T_Wood_Floor_Walnut_M.uasset" 92
"E:/Studio2_Team6/VRS2T6_Project/Content/StarterContent/Textures/T_Wood_Floor_Walnut_N.uasset" 93
"E:/Studio2_Team6/VRS2T6_Project/Content/StarterContent/Materials/M_Wood_Floor_Walnut_Polished.uasset" 94
"E:/Studio2_Team6/VRS2T6_Project/Content/StarterContent/Textures/T_MacroVariation.uasset" 95
"E:/Studio2_Team6/VRS2T6_Project/Content/StarterContent/Textures/T_Wood_Oak_D.uasset" 96
"E:/Studio2_Team6/VRS2T6_Project/Content/StarterContent/Textures/T_Wood_Oak_N.uasset" 97
"E:/Studio2_Team6/VRS2T6_Project/Content/StarterContent/Materials/M_Wood_Oak.uasset" 98
"E:/Studio2_Team6/VRS2T6_Project/Content/QuickTimeEvents/s_CameraTransition.uasset" 99
"E:/Studio2_Team6/VRS2T6_Project/Content/QuickTimeEvents/W_QuickTimeEvent.uasset" 100
"E:/Studio2_Team6/VRS2T6_Project/Content/QuickTimeEvents/w_Main.uasset" 101
"E:/Studio2_Team6/VRS2T6_Project/Content/Widgets/InfectionMeter_Widget.uasset" 102
"E:/Studio2_Team6/VRS2T6_Project/Content/ThirdPersonBP/Blueprints/ThirdPersonCharacter.uasset" 103
"E:/Studio2_Team6/VRS2T6_Project/Content/Widgets/GymWidget.uasset" 104
"E:/Studio2_Team6/VRS2T6_Project/Content/Assets/GymObject_BP.uasset" 105
"E:/Studio2_Team6/VRS2T6_Project/Content/VirtualReality/Mannequin/Character/Mesh/MannequinHand_Right_Skeleton.uasset" 106
"E:/Studio2_Team6/VRS2T6_Project/Content/VirtualReality/Mannequin/Animations/MannequinHand_Right_CanGrab.uasset" 107
"E:/Studio2_Team6/VRS2T6_Project/Content/VirtualReality/Mannequin/Animations/MannequinHand_Right_Grab.uasset" 108
"E:/Studio2_Team6/VRS2T6_Project/Content/VirtualReality/Mannequin/Animations/MannequinHand_Right_Open.uasset" 109
"E:/Studio2_Team6/VRS2T6_Project/Content/VirtualReality/Mannequin/Animations/RightGrip_BS.uasset" 110
"E:/Studio2_Team6/VRS2T6_Project/Content/VirtualRealityBP/Blueprints/GripEnum.uasset" 111
"E:/Studio2_Team6/VRS2T6_Project/Content/VirtualReality/Mannequin/Animations/RightHand_AnimBP.uasset" 112
"E:/Studio2_Team6/VRS2T6_Project/Content/VirtualRealityBP/Blueprints/MotionControllerHaptics.uasset" 113
"../../../Engine/Content/Functions/Engine_MaterialFunctions02/Utility/BreakOutFloat2Components.uasset" 114
"../../../Engine/Content/Functions/Engine_MaterialFunctions01/Texturing/ScaleUVsByCenter.uasset" 115
"../../../Engine/Content/Functions/Engine_MaterialFunctions02/ScreenResolution.uasset" 116
"../../../Engine/Content/Functions/Engine_MaterialFunctions02/Texturing/ScreenAlignedUVs.uasset" 117
"../../../Engine/Content/Functions/Engine_MaterialFunctions02/Utility/CameraDirectionVector.uasset" 118
"../../../Engine/Content/Functions/Engine_MaterialFunctions02/Utility/DepthFromWorldPosition.uasset" 119
"E:/Studio2_Team6/VRS2T6_Project/Content/VirtualReality/Materials/MF_OccludedPixels.uasset" 120
"E:/Studio2_Team6/VRS2T6_Project/Content/VirtualReality/Materials/TeleportMCP.uasset" 121
"../../../Engine/Content/EngineMaterials/Good64x64TilingNoiseHighFreq.uasset" 122
"E:/Studio2_Team6/VRS2T6_Project/Content/VirtualReality/Materials/M_ArcEndpoint.uasset" 123
"E:/Studio2_Team6/VRS2T6_Project/Content/VirtualReality/Materials/M_SplineArcMat.uasset" 124
"E:/Studio2_Team6/VRS2T6_Project/Content/VirtualReality/Materials/M_TeleportPreviews.uasset" 125
"E:/Studio2_Team6/VRS2T6_Project/Content/VirtualReality/Materials/MI_ChaperoneOutline.uasset" 126
"E:/Studio2_Team6/VRS2T6_Project/Content/VirtualReality/Materials/MI_TeleportCylinderPreview.uasset" 127
"E:/Studio2_Team6/VRS2T6_Project/Content/VirtualReality/Mannequin/Character/Textures/UE4_Mannequin__normals.uasset" 128
"E:/Studio2_Team6/VRS2T6_Project/Content/VirtualReality/Mannequin/Character/Textures/UE4_Mannequin_MAT_MASKA.uasset" 129
"E:/Studio2_Team6/VRS2T6_Project/Content/VirtualReality/Mannequin/Character/Materials/M_HandMat.uasset" 130
"E:/Studio2_Team6/VRS2T6_Project/Content/VirtualReality/Mannequin/Character/Mesh/MannequinHand_Right_PhysicsAsset.uasset" 131
"E:/Studio2_Team6/VRS2T6_Project/Content/VirtualReality/Mannequin/Character/Mesh/MannequinHand_Right.uasset" 132
"E:/Studio2_Team6/VRS2T6_Project/Content/VirtualReality/Meshes/1x1_cube.uasset" 133
"E:/Studio2_Team6/VRS2T6_Project/Content/VirtualReality/Meshes/BeaconDirection.uasset" 134
"E:/Studio2_Team6/VRS2T6_Project/Content/VirtualReality/Meshes/BeamMesh.uasset" 135
"E:/Studio2_Team6/VRS2T6_Project/Content/VirtualReality/Meshes/SM_FatCylinder.uasset" 136
"E:/Studio2_Team6/VRS2T6_Project/Content/VirtualRealityBP/Blueprints/BP_MotionController.uasset" 137
"E:/Studio2_Team6/VRS2T6_Project/Content/VirtualRealityBP/Blueprints/MotionControllerPawn.uasset" 138
"E:/Studio2_Team6/VRS2T6_Project/Content/StarterContent/Textures/T_ground_Moss_D.uasset" 139
"E:/Studio2_Team6/VRS2T6_Project/Content/StarterContent/Textures/T_Ground_Moss_N.uasset" 140
"E:/Studio2_Team6/VRS2T6_Project/Content/StarterContent/Materials/M_Ground_Moss.uasset" 141
"E:/Studio2_Team6/VRS2T6_Project/Content/Assets/KeyboardPetriDish_BP.uasset" 142
"E:/Studio2_Team6/VRS2T6_Project/Content/Assets/PetriDish_BP.uasset" 143
"E:/Studio2_Team6/VRS2T6_Project/Content/Farming/Plant_SM.uasset" 144
"E:/Studio2_Team6/VRS2T6_Project/Content/Farming/MERGED_Plant_BP_2.uasset" 145
"E:/Studio2_Team6/VRS2T6_Project/Content/Farming/Plant_BP.uasset" 146
"E:/Studio2_Team6/VRS2T6_Project/Content/Farming/Seeds_BP.uasset" 147
"E:/Studio2_Team6/VRS2T6_Project/Content/Mannequin/Animations/ThirdPersonJump_End.uasset" 148
"E:/Studio2_Team6/VRS2T6_Project/Content/StarterContent/Architecture/Pillar_50x500.uasset" 149
"E:/Studio2_Team6/VRS2T6_Project/Content/StarterContent/Architecture/Wall_400x300.uasset" 150
"E:/Studio2_Team6/VRS2T6_Project/Content/StarterContent/Architecture/Wall_500x500.uasset" 151
"E:/Studio2_Team6/VRS2T6_Project/Content/StarterContent/Architecture/Wall_Window_400x400.uasset" 152
"E:/Studio2_Team6/VRS2T6_Project/Content/StarterContent/Audio/Collapse01.uasset" 153
"E:/Studio2_Team6/VRS2T6_Project/Content/StarterContent/Audio/Collapse02.uasset" 154
"E:/Studio2_Team6/VRS2T6_Project/Content/StarterContent/Audio/Explosion01.uasset" 155
"E:/Studio2_Team6/VRS2T6_Project/Content/StarterContent/Audio/Explosion02.uasset" 156
"E:/Studio2_Team6/VRS2T6_Project/Content/StarterContent/Audio/Fire01.uasset" 157
"E:/Studio2_Team6/VRS2T6_Project/Content/StarterContent/Audio/Fire_Sparks01.uasset" 158
"E:/Studio2_Team6/VRS2T6_Project/Content/StarterContent/Audio/Light01.uasset" 159
"E:/Studio2_Team6/VRS2T6_Project/Content/StarterContent/Audio/Light01_Cue.uasset" 160
"E:/Studio2_Team6/VRS2T6_Project/Content/StarterContent/Audio/Light02.uasset" 161
"E:/Studio2_Team6/VRS2T6_Project/Content/StarterContent/Audio/Light02_Cue.uasset" 162
"E:/Studio2_Team6/VRS2T6_Project/Content/StarterContent/Audio/Smoke01.uasset" 163
"E:/Studio2_Team6/VRS2T6_Project/Content/StarterContent/Audio/Starter_Birds01.uasset" 164
"E:/Studio2_Team6/VRS2T6_Project/Content/StarterContent/Audio/Starter_Music01.uasset" 165
"E:/Studio2_Team6/VRS2T6_Project/Content/StarterContent/Audio/Starter_Wind05.uasset" 166
"E:/Studio2_Team6/VRS2T6_Project/Content/StarterContent/Audio/Starter_Wind06.uasset" 167
"E:/Studio2_Team6/VRS2T6_Project/Content/StarterContent/Audio/Steam01.uasset" 168
"E:/Studio2_Team6/VRS2T6_Project/Content/StarterContent/Audio/Explosion_Cue.uasset" 169
"E:/Studio2_Team6/VRS2T6_Project/Content/StarterContent/Textures/T_Burst_M.uasset" 170
"E:/Studio2_Team6/VRS2T6_Project/Content/StarterContent/Particles/Materials/M_Burst.uasset" 171
"E:/Studio2_Team6/VRS2T6_Project/Content/StarterContent/Textures/T_Explosion_SubUV.uasset" 172
"E:/Studio2_Team6/VRS2T6_Project/Content/StarterContent/Particles/Materials/M_explosion_subUV.uasset" 173
"E:/Studio2_Team6/VRS2T6_Project/Content/StarterContent/Particles/Materials/m_flare_01.uasset" 174
"../../../Engine/Content/Functions/Engine_MaterialFunctions01/Gradient/RadialGradient.uasset" 175
"E:/Studio2_Team6/VRS2T6_Project/Content/StarterContent/Particles/Materials/M_radial_ramp.uasset" 176
"E:/Studio2_Team6/VRS2T6_Project/Content/StarterContent/Textures/T_Smoke_SubUV.uasset" 177
"E:/Studio2_Team6/VRS2T6_Project/Content/StarterContent/Textures/T_Smoke_Tiled_D.uasset" 178
"E:/Studio2_Team6/VRS2T6_Project/Content/StarterContent/Particles/Materials/M_smoke_subUV.uasset" 179
"E:/Studio2_Team6/VRS2T6_Project/Content/StarterContent/Particles/P_Explosion.uasset" 180
"E:/Studio2_Team6/VRS2T6_Project/Content/StarterContent/Blueprints/Blueprint_Effect_Explosion.uasset" 181
"../../../Engine/Content/EditorMeshes/ColorCalibrator/T_ColorGrid.uasset" 182
"E:/Studio2_Team6/VRS2T6_Project/Content/StarterContent/Materials/M_ColorGrid_LowSpec.uasset" 183
"E:/Studio2_Team6/VRS2T6_Project/Content/StarterContent/Materials/M_Glass.uasset" 184
"E:/Studio2_Team6/VRS2T6_Project/Content/StarterContent/Textures/T_Door_M.uasset" 185
"E:/Studio2_Team6/VRS2T6_Project/Content/StarterContent/Textures/T_Door_N.uasset" 186
"E:/Studio2_Team6/VRS2T6_Project/Content/StarterContent/Props/Materials/M_Door.uasset" 187
"E:/Studio2_Team6/VRS2T6_Project/Content/StarterContent/Props/SM_Door.uasset" 188
"E:/Studio2_Team6/VRS2T6_Project/Content/StarterContent/Props/Materials/M_MaterialSphere.uasset" 189
"E:/Studio2_Team6/VRS2T6_Project/Content/StarterContent/Props/Materials/M_MaterialSphere_Plain.uasset" 190
"E:/Studio2_Team6/VRS2T6_Project/Content/StarterContent/Props/SM_MatPreviewMesh_02.uasset" 191
"E:/Studio2_Team6/VRS2T6_Project/Content/StarterContent/Materials/M_Basic_Floor.uasset" 192
"E:/Studio2_Team6/VRS2T6_Project/Content/StarterContent/Props/SM_Stairs.uasset" 193
"E:/Studio2_Team6/VRS2T6_Project/Content/StarterContent/Shapes/Shape_Cone.uasset" 194
"E:/Studio2_Team6/VRS2T6_Project/Content/StarterContent/Shapes/Shape_Cylinder.uasset" 195
"E:/Studio2_Team6/VRS2T6_Project/Content/StarterContent/Shapes/Shape_NarrowCapsule.uasset" 196
"E:/Studio2_Team6/VRS2T6_Project/Content/StarterContent/Shapes/Shape_Pipe.uasset" 197
"E:/Studio2_Team6/VRS2T6_Project/Content/StarterContent/Shapes/Shape_Pipe_180.uasset" 198
"E:/Studio2_Team6/VRS2T6_Project/Content/StarterContent/Shapes/Shape_Pipe_90.uasset" 199
"E:/Studio2_Team6/VRS2T6_Project/Content/StarterContent/Shapes/Shape_Plane.uasset" 200
"E:/Studio2_Team6/VRS2T6_Project/Content/StarterContent/Shapes/Shape_Torus.uasset" 201
"E:/Studio2_Team6/VRS2T6_Project/Content/StarterContent/Shapes/Shape_Trim_90_In.uasset" 202
"E:/Studio2_Team6/VRS2T6_Project/Content/StarterContent/Shapes/Shape_TriPyramid.uasset" 203
"E:/Studio2_Team6/VRS2T6_Project/Content/StarterContent/Shapes/Shape_Tube.uasset" 204
"E:/Studio2_Team6/VRS2T6_Project/Content/StarterContent/Shapes/Shape_Wedge_A.uasset" 205
"E:/Studio2_Team6/VRS2T6_Project/Content/StarterContent/Shapes/Shape_Wedge_B.uasset" 206
"E:/Studio2_Team6/VRS2T6_Project/Content/StarterContent/Shapes/Shape_WideCapsule.uasset" 207
"E:/Studio2_Team6/VRS2T6_Project/Content/StarterContent/Widgets/InfectionMeter_Widget.uasset" 208
"E:/Studio2_Team6/VRS2T6_Project/Content/ThirdPerson/Meshes/RampMaterial.uasset" 209
"E:/Studio2_Team6/VRS2T6_Project/Content/ThirdPerson/Meshes/LeftArm_StaticMesh.uasset" 210
"E:/Studio2_Team6/VRS2T6_Project/Content/ThirdPerson/Meshes/Ramp_StaticMesh.uasset" 211
"E:/Studio2_Team6/VRS2T6_Project/Content/ThirdPersonBP/ThirdPersonOverview.uasset" 212
"E:/Studio2_Team6/VRS2T6_Project/Content/Widgets/MyHUD_HUD.uasset" 213
"E:/Studio2_Team6/VRS2T6_Project/Content/ThirdPersonBP/Blueprints/ThirdPersonGameMode.uasset" 214
"E:/Studio2_Team6/VRS2T6_Project/Content/ThirdPersonBP/Blueprints/Images/old-red-sandstock-brick.uasset" 215
"E:/Studio2_Team6/VRS2T6_Project/Content/ThirdPersonBP/Blueprints/Images/Super_Market1.uasset" 216
"E:/Studio2_Team6/VRS2T6_Project/Content/ThirdPersonBP/Blueprints/Images/Super_Market1_Mat.uasset" 217
"E:/Studio2_Team6/VRS2T6_Project/Content/ThirdPersonBP/Blueprints/Mat/NewMaterial.uasset" 218
"E:/Studio2_Team6/VRS2T6_Project/Content/ThirdPersonBP/Blueprints/Mat/MTS_01.uasset" 219
"E:/Studio2_Team6/VRS2T6_Project/Content/ThirdPersonBP/Blueprints/Mat/Supermarket.uasset" 220
"E:/Studio2_Team6/VRS2T6_Project/Content/VRSneeze/W_VRSneeze.uasset" 221
"../../../Engine/Content/Animation/DefaultAnimCurveCompressionSettings.uasset" 222
"../../../Engine/Content/ArtTools/RenderToTexture/Meshes/S_1_Unit_Plane.uasset" 223
"../../../Engine/Content/BasicShapes/Plane.uasset" 224
"../../../Engine/Content/EditorLandscapeResources/DataLayer.uasset" 225
"../../../Engine/Content/EditorMaterials/MAT_Groups_Toggle.uasset" 226
"../../../Engine/Content/EditorMaterials/MAT_Groups_Visibility.uasset" 227
"../../../Engine/Content/EditorMaterials/PreviewShadowIndicator.uasset" 228
"../../../Engine/Content/EditorMaterials/PreviewShadowIndicatorMaterial.uasset" 229
"../../../Engine/Content/EditorMaterials/MatineeGroups/MAT_ColorTrack.uasset" 230
"../../../Engine/Content/EditorMaterials/MatineeGroups/MAT_Groups_Anim.uasset" 231
"../../../Engine/Content/EditorMaterials/MatineeGroups/MAT_Groups_AudioMaster.uasset" 232
"../../../Engine/Content/EditorMaterials/MatineeGroups/MAT_Groups_Director.uasset" 233
"../../../Engine/Content/EditorMaterials/MatineeGroups/MAT_Groups_Event.uasset" 234
"../../../Engine/Content/EditorMaterials/MatineeGroups/MAT_Groups_Fade.uasset" 235
"../../../Engine/Content/EditorMaterials/MatineeGroups/MAT_Groups_Float.uasset" 236
"../../../Engine/Content/EditorMaterials/MatineeGroups/MAT_Groups_Move.uasset" 237
"../../../Engine/Content/EditorMaterials/MatineeGroups/MAT_Groups_Slomo.uasset" 238
"../../../Engine/Content/EditorMaterials/MatineeGroups/MAT_Groups_Sound.uasset" 239
"../../../Engine/Content/EditorMaterials/MatineeGroups/MAT_Groups_Vector.uasset" 240
"../../../Engine/Content/EditorMaterials/ParticleSystems/PSysThumbnail_NoImage.uasset" 241
"../../../Engine/Content/EditorMaterials/ParticleSystems/PSysThumbnail_OOD.uasset" 242
"../../../Engine/Content/EditorMaterials/Camera/CineMat.uasset" 243
"../../../Engine/Content/EditorMaterials/Camera/MI_CineMat_Rig.uasset" 244
"../../../Engine/Content/EditorMeshes/Camera/SM_CraneRig_Arm.uasset" 245
"../../../Engine/Content/EditorMeshes/Camera/SM_CraneRig_Base.uasset" 246
"../../../Engine/Content/EditorMeshes/Camera/SM_CraneRig_Body.uasset" 247
"../../../Engine/Content/EditorMeshes/Camera/SM_CraneRig_Mount.uasset" 248
"../../../Engine/Content/EditorMeshes/Camera/SM_RailRig_Mount.uasset" 249
"../../../Engine/Content/EditorMeshes/Camera/SM_RailRig_Track.uasset" 250
"../../../Engine/Content/EditorResources/BSPVertex.uasset" 251
"../../../Engine/Content/EditorResources/EmptyActor.uasset" 252
"../../../Engine/Content/EditorResources/S_Actor.uasset" 253
"../../../Engine/Content/EditorResources/S_Note.uasset" 254
"../../../Engine/Content/EditorResources/S_Solver.uasset" 255
"../../../Engine/Content/EditorResources/S_Trigger.uasset" 256
"../../../Engine/Content/EditorResources/AudioIcons/S_AudioComponent.uasset" 257
"../../../Engine/Content/EditorResources/AudioIcons/S_AudioComponent_AutoActivate.uasset" 258
"../../../Engine/Content/EditorResources/LightIcons/S_LightError.uasset" 259
"../../../Engine/Content/EditorResources/SequenceRecorder/Countdown.uasset" 260
"../../../Engine/Content/EditorResources/SequenceRecorder/RecordingIndicator.uasset" 261
"../../../Engine/Content/EditorSounds/Notifications/CompileFailed_Cue.uasset" 262
"../../../Engine/Content/EditorSounds/Notifications/CompileSuccess.uasset" 263
"../../../Engine/Content/EditorSounds/Notifications/CompileStart_Cue.uasset" 264
"../../../Engine/Content/EditorSounds/Notifications/CompileSuccess_Cue.uasset" 265
"../../../Engine/Content/EngineDamageTypes/DmgTypeBP_Environmental.uasset" 266
"../../../Engine/Content/EngineDebugMaterials/DebugEditorMaterial.uasset" 267
"../../../Engine/Content/EngineDebugMaterials/DebugMeshMaterial.uasset" 268
"../../../Engine/Content/EngineDebugMaterials/M_SimpleTranslucent.uasset" 269
"../../../Engine/Content/EngineDebugMaterials/VolumeToRender.uasset" 270
"../../../Engine/Content/EngineDebugMaterials/M_VolumeRenderSphereTracePP.uasset" 271
"../../../Engine/Content/EngineDebugMaterials/WireframeMaterial.uasset" 272
"../../../Engine/Content/EngineFonts/Faces/DroidSansFallback.uasset" 273
"../../../Engine/Content/EngineFonts/Faces/RobotoBold.uasset" 274
"../../../Engine/Content/EngineFonts/Faces/RobotoBoldItalic.uasset" 275
"../../../Engine/Content/EngineFonts/Faces/RobotoItalic.uasset" 276
"../../../Engine/Content/EngineFonts/Faces/RobotoLight.uasset" 277
"../../../Engine/Content/EngineFonts/Faces/RobotoRegular.uasset" 278
"../../../Engine/Content/EngineFonts/Roboto.uasset" 279
"../../../Engine/Content/EngineMaterials/BaseFlattenDiffuseMap.uasset" 280
"../../../Engine/Content/EngineMaterials/BaseFlattenEmissiveMap.uasset" 281
"../../../Engine/Content/EngineMaterials/BaseFlattenGrayscaleMap.uasset" 282
"../../../Engine/Content/EngineMaterials/BaseFlattenNormalMap.uasset" 283
"../../../Engine/Content/EngineMaterials/BaseFlattenMaterial.uasset" 284
"../../../Engine/Content/EngineMaterials/BlueNoise.uasset" 285
"../../../Engine/Content/EngineMaterials/DefaultBloomKernel.uasset" 286
"../../../Engine/Content/EngineMaterials/DefaultBokeh.uasset" 287
"../../../Engine/Content/EngineMaterials/DefaultDiffuse.uasset" 288
"../../../Engine/Content/EngineMaterials/DefaultDeferredDecalMaterial.uasset" 289
"../../../Engine/Content/EngineMaterials/DefaultLightFunctionMaterial.uasset" 290
"../../../Engine/Content/EngineMaterials/DefaultPostProcessMaterial.uasset" 291
"../../../Engine/Content/EngineFonts/RobotoDistanceField.uasset" 292
"../../../Engine/Content/EngineMaterials/DefaultTextMaterialOpaque.uasset" 293
"../../../Engine/Content/EngineMaterials/DefaultVirtualTextureMaterial.uasset" 294
"../../../Engine/Content/EngineMaterials/DefaultWhiteGrid.uasset" 295
"../../../Engine/Content/EngineMaterials/DefaultWhiteGrid_Low.uasset" 296
"../../../Engine/Content/EngineMaterials/EmissiveMeshMaterial.uasset" 297
"../../../Engine/Content/EngineMaterials/GizmoMaterial.uasset" 298
"../../../Engine/Content/EngineMaterials/HairDefaultMaterial.uasset" 299
"../../../Engine/Content/EngineMaterials/MiniFont.uasset" 300
"../../../Engine/Content/EngineMaterials/InvalidLightmapSettings.uasset" 301
"../../../Engine/Content/EngineMaterials/M_InvalidLightmapSettings.uasset" 302
"../../../Engine/Content/Functions/Engine_MaterialFunctions02/WorldPositionOffset/CameraOffset.uasset" 303
"../../../Engine/Content/EngineMaterials/PhAT_JointLimitMaterial.uasset" 304
"../../../Engine/Content/EngineMaterials/PreintegratedSkinBRDF.uasset" 305
"../../../Engine/Content/EngineMaterials/RemoveSurfaceMaterial.uasset" 306
"../../../Engine/Content/EngineMaterials/WeightMapPlaceholderTexture.uasset" 307
"../../../Engine/Content/EngineResources/WhiteSquareTexture.uasset" 308
"../../../Engine/Content/EngineMaterials/Widget3DPassThrough.uasset" 309
"../../../Engine/Content/EngineMaterials/Widget3DPassThrough_Masked.uasset" 310
"../../../Engine/Content/EngineMaterials/Widget3DPassThrough_Opaque.uasset" 311
"../../../Engine/Content/EngineMaterials/Widget3DPassThrough_Masked_OneSided.uasset" 312
"../../../Engine/Content/EngineMaterials/Widget3DPassThrough_Opaque_OneSided.uasset" 313
"../../../Engine/Content/EngineMaterials/Widget3DPassThrough_Translucent.uasset" 314
"../../../Engine/Content/EngineMaterials/Widget3DPassThrough_Translucent_OneSided.uasset" 315
"../../../Engine/Content/EngineMeshes/Cylinder.uasset" 316
"../../../Engine/Content/EngineResources/Black.uasset" 317
"../../../Engine/Content/EngineResources/DefaultTexture.uasset" 318
"../../../Engine/Content/EngineResources/DefaultTextureCube.uasset" 319
"../../../Engine/Content/EngineResources/DefaultVolumeTexture2D.uasset" 320
"../../../Engine/Content/EngineResources/DefaultVolumeTexture.uasset" 321
"../../../Engine/Content/EngineResources/GradientTexture0.uasset" 322
"../../../Engine/Content/EngineSounds/Master.uasset" 323
"../../../Engine/Content/Functions/Engine_MaterialFunctions01/Shading/ConvertFromDiffSpec.uasset" 324
"../../../Engine/Content/Functions/Engine_MaterialFunctions01/Shading/PowerToRoughness.uasset" 325
"../../../Engine/Content/Maps/Templates/Thumbnails/Default.uasset" 326
"../../../Engine/Content/Maps/Templates/Thumbnails/TimeOfDay.uasset" 327
"../../../Engine/Content/Maps/Templates/Thumbnails/VR-Basic.uasset" 328
"../../../Engine/Content/MobileResources/T_MobileControls_texture.uasset" 329
"../../../Engine/Content/MobileResources/T_MobileMenu2.uasset" 330
"../../../Engine/Content/MobileResources/HUD/AnalogHat.uasset" 331
"../../../Engine/Content/MobileResources/HUD/VirtualJoystick_Background.uasset" 332
"../../../Engine/Content/MobileResources/HUD/VirtualJoystick_Thumb.uasset" 333
"../../../Engine/Content/MobileResources/HUD/DefaultVirtualJoysticks.uasset" 334
"../../../Engine/Content/MobileResources/HUD/LeftVirtualJoystickOnly.uasset" 335
"../../../Engine/Content/MobileResources/HUD/MobileHUDButton1_off.uasset" 336
"../../../Engine/Content/MobileResources/HUD/MobileHUDButton1_on.uasset" 337
"../../../Engine/Content/MobileResources/HUD/MobileHUDButton2_off.uasset" 338
"../../../Engine/Content/MobileResources/HUD/MobileHUDButton2_on.uasset" 339
"../../../Engine/Content/MobileResources/HUD/MobileHUDButton3.uasset" 340
"../../../Engine/Content/MobileResources/HUD/MobileHUDButtonFire.uasset" 341
"../../../Engine/Content/MobileResources/HUD/MobileHUDDirectionPad.uasset" 342
"../../../Engine/Content/MobileResources/HUD/MobileHUDDirectionPad2.uasset" 343
"../../../Engine/Content/MobileResources/HUD/MobileHUDDirectionPad3.uasset" 344
"../../../Engine/Content/MobileResources/HUD/MobileHUDDirectionStick.uasset" 345
"../../../Engine/Content/MobileResources/HUD/T_Castle_ThumbstickInner.uasset" 346
"../../../Engine/Content/MobileResources/HUD/T_Castle_ThumbstickOutter.uasset" 347
"../../../Engine/Content/Tutorial/ContentIntroCurve.uasset" 348
"../../../Engine/Content/Tutorial/Basics/LevelEditorAttract.uasset" 349
"../../../Engine/Content/Tutorial/Basics/TutorialAssets/icon_tab_Levels_40x.uasset" 350
"../../../Engine/Content/Tutorial/Basics/LevelEditorOverview.uasset" 351
"../../../Engine/Content/Tutorial/BlueprintTutorials/TutorialAssets/Blueprint_64x.uasset" 352
"../../../Engine/Content/Tutorial/BlueprintTutorials/BlueprintEditorTutorial.uasset" 353
"../../../Engine/Content/VREditor/LaserPointer/VR_LaserPower_01.uasset" 354
"../../../Engine/Content/VREditor/TransformGizmo/TransformGizmoMaterial.uasset" 355
"../../../Engine/Content/VREditor/TransformGizmo/TranslucentTransformGizmoMaterial.uasset" 356
"../../../Engine/Content/VREditor/TransformGizmo/BoundingBoxCorner.uasset" 357
"../../../Engine/Content/VREditor/TransformGizmo/BoundingBoxEdge.uasset" 358
"../../../Engine/Content/VREditor/TransformGizmo/PlaneTranslationHandle.uasset" 359
"../../../Engine/Content/VREditor/TransformGizmo/Main.uasset" 360
"../../../Engine/Content/VREditor/TransformGizmo/Xray.uasset" 361
"../../../Engine/Content/VREditor/TransformGizmo/SM_Sequencer_Key.uasset" 362
"../../../Engine/Content/VREditor/TransformGizmo/SM_Sequencer_Node.uasset" 363
"../../Plugins/2D/Paper2D/Content/PlaceholderTextures/DummySpriteTexture.uasset" 364
"../../Plugins/2D/Paper2D/Content/DummySprite.uasset" 365
"../../Plugins/2D/Paper2D/Content/DefaultPaperTerrainMaterial.uasset" 366
"../../Plugins/2D/Paper2D/Content/DummySpriteTexture.uasset" 367
"../../Plugins/2D/Paper2D/Content/DefaultSpriteMaterial.uasset" 368
"../../Plugins/2D/Paper2D/Content/MaskedUnlitSpriteMaterial.uasset" 369
"../../Plugins/2D/Paper2D/Content/OpaqueUnlitSpriteMaterial.uasset" 370
"../../../Engine/Content/Functions/Engine_MaterialFunctions02/Utility/BreakOutFloat4Components.uasset" 371
"../../../Engine/Content/Functions/Engine_MaterialFunctions02/Utility/MakeFloat2.uasset" 372
"../../../Engine/Content/Functions/Engine_MaterialFunctions02/Utility/MakeFloat3.uasset" 373
"../../Plugins/Runtime/Oculus/OculusVR/Content/Materials/OculusMR_ChromaKey.uasset" 374
"../../Plugins/Runtime/Oculus/OculusVR/Content/Materials/OculusMR_ChromaKey_Lit.uasset" 375
"../../Plugins/Runtime/Oculus/OculusVR/Content/Materials/OculusMR_OpaqueColoredMaterial.uasset" 376
"../../Plugins/Runtime/Oculus/OculusVR/Content/Materials/OculusMR_WhiteMaterial.uasset" 377
"E:/Studio2_Team6/VRS2T6_Project/Content/Animations/Crying_Montage.uasset" 378
"E:/Studio2_Team6/VRS2T6_Project/Content/QuickTimeEvents/QTE_Library.uasset" 379
"../../../Engine/Content/EngineSky/C_Sky_Cloud_Color.uasset" 380
"../../../Engine/Content/EngineSky/C_Sky_Horizon_Color.uasset" 381
"../../../Engine/Content/EngineSky/C_Sky_Zenith_Color.uasset" 382
"../../../Engine/Content/EngineSky/T_Sky_Blue.uasset" 383
"../../../Engine/Content/EngineSky/T_Sky_Clouds_M.uasset" 384
"../../../Engine/Content/EngineSky/T_Sky_Stars.uasset" 385
"../../../Engine/Content/EngineSky/M_Sky_Panning_Clouds2.uasset" 386
"../../../Engine/Content/EngineSky/SM_SkySphere.uasset" 387
"../../../Engine/Content/EngineSky/BP_Sky_Sphere.uasset" 388
"E:/Studio2_Team6/VRS2T6_Project/Content/Assets/GymTowel_BP.uasset" 389
"E:/Studio2_Team6/VRS2T6_Project/Content/Maps/Home_Teleporter.uasset" 390
"E:/Studio2_Team6/VRS2T6_Project/Content/Maps/Gym_Map_BuiltData.uasset" 391
"E:/Studio2_Team6/VRS2T6_Project/Content/Geometry/Meshes/CubeMaterial.uasset" 392
"E:/Studio2_Team6/VRS2T6_Project/Content/Geometry/Meshes/1M_Cube_Chamfer.uasset" 393
"E:/Studio2_Team6/VRS2T6_Project/Content/Geometry/Meshes/TemplateFloor.uasset" 394
"E:/Studio2_Team6/VRS2T6_Project/Content/ThirdPerson/Meshes/Bump_StaticMesh.uasset" 395
"E:/Studio2_Team6/VRS2T6_Project/Content/Maps/Gym_Map.umap" 396
"../../../Engine/Content/Functions/Engine_MaterialFunctions02/SafeNormalize.uasset" 397
"../../../Engine/Content/EditorMaterials/Cloth/CameraLitDoubleSided.uasset" 398
"E:/Studio2_Team6/VRS2T6_Project/Content/Assets/DogPoop_BP.uasset" 399
"../../../Engine/Content/BasicShapes/Cone.uasset" 400
"E:/Studio2_Team6/VRS2T6_Project/Content/Assets/HandSanitizer_BP.uasset" 401
"E:/Studio2_Team6/VRS2T6_Project/Content/Assets/Keyboard_BP.uasset" 402
"E:/Studio2_Team6/VRS2T6_Project/Content/Assets/Toilet_BP.uasset" 403
"E:/Studio2_Team6/VRS2T6_Project/Content/Assets/ToiletPetriDish_BP.uasset" 404
"E:/Studio2_Team6/VRS2T6_Project/Content/Farming/Plant_BP_2.uasset" 405
"E:/Studio2_Team6/VRS2T6_Project/Content/Farming/GardenPlot_BP.uasset" 406
"E:/Studio2_Team6/VRS2T6_Project/Content/Farming/Compost_BP.uasset" 407
"E:/Studio2_Team6/VRS2T6_Project/Content/Farming/Seeds_SM.uasset" 408
"E:/Studio2_Team6/VRS2T6_Project/Content/Farming/Seeds_BP2.uasset" 409
"E:/Studio2_Team6/VRS2T6_Project/Content/Farming/WateringCan_BP.uasset" 410
"E:/Studio2_Team6/VRS2T6_Project/Content/Maps/Gym_Teleporter.uasset" 411
"E:/Studio2_Team6/VRS2T6_Project/Content/Maps/Office_Teleporter.uasset" 412
"E:/Studio2_Team6/VRS2T6_Project/Content/Maps/ShoppingCentre_Teleporter.uasset" 413
"E:/Studio2_Team6/VRS2T6_Project/Content/ThirdPersonBP/Blueprints/ZZZZZZZ.uasset" 414
"E:/Studio2_Team6/VRS2T6_Project/Content/Widgets/TestSneezer2.uasset" 415
"E:/Studio2_Team6/VRS2T6_Project/Content/Geometry/Meshes/1M_Cube.uasset" 416
"E:/Studio2_Team6/VRS2T6_Project/Content/ThirdPerson/Meshes/Linear_Stair_StaticMesh.uasset" 417
"E:/Studio2_Team6/VRS2T6_Project/Content/ThirdPerson/Meshes/RightArm_StaticMesh.uasset" 418
"E:/Studio2_Team6/VRS2T6_Project/Content/Maps/Home_Map.umap" 419
"E:/Studio2_Team6/VRS2T6_Project/Content/AI/DogAI/BB_Dog.uasset" 420
"E:/Studio2_Team6/VRS2T6_Project/Content/AI/Tasks/Defecation.uasset" 421
"E:/Studio2_Team6/VRS2T6_Project/Content/AI/Tasks/FindRandomPoint.uasset" 422
"E:/Studio2_Team6/VRS2T6_Project/Content/AI/DogAI/BT_Dog.uasset" 423
"E:/Studio2_Team6/VRS2T6_Project/Content/AI/DogAI/AI_Dog.uasset" 424
"E:/Studio2_Team6/VRS2T6_Project/Content/AI/DogAI/BP_Dog.uasset" 425
"E:/Studio2_Team6/VRS2T6_Project/Content/Maps/Home_Map2_BuiltData.uasset" 426
"E:/Studio2_Team6/VRS2T6_Project/Content/StarterContent/Textures/T_Brick_Clay_Beveled_D.uasset" 427
"E:/Studio2_Team6/VRS2T6_Project/Content/StarterContent/Textures/T_Brick_Clay_Beveled_M.uasset" 428
"E:/Studio2_Team6/VRS2T6_Project/Content/StarterContent/Textures/T_Brick_Clay_Beveled_N.uasset" 429
"E:/Studio2_Team6/VRS2T6_Project/Content/StarterContent/Materials/M_Brick_Clay_Beveled.uasset" 430
"E:/Studio2_Team6/VRS2T6_Project/Content/StarterContent/Textures/T_Brick_Clay_New_D.uasset" 431
"E:/Studio2_Team6/VRS2T6_Project/Content/StarterContent/Textures/T_Brick_Clay_New_M.uasset" 432
"E:/Studio2_Team6/VRS2T6_Project/Content/StarterContent/Textures/T_Brick_Clay_New_N.uasset" 433
"E:/Studio2_Team6/VRS2T6_Project/Content/StarterContent/Textures/T_Detail_Rocky_N.uasset" 434
"E:/Studio2_Team6/VRS2T6_Project/Content/StarterContent/Materials/M_Brick_Clay_New.uasset" 435
"E:/Studio2_Team6/VRS2T6_Project/Content/StarterContent/Textures/T_Brick_Cut_Stone_D.uasset" 436
"E:/Studio2_Team6/VRS2T6_Project/Content/StarterContent/Textures/T_Brick_Cut_Stone_N.uasset" 437
"E:/Studio2_Team6/VRS2T6_Project/Content/StarterContent/Materials/M_Brick_Cut_Stone.uasset" 438
"E:/Studio2_Team6/VRS2T6_Project/Content/StarterContent/Textures/T_Concrete_Grime_D.uasset" 439
"E:/Studio2_Team6/VRS2T6_Project/Content/StarterContent/Textures/T_Metal_Rust_N.uasset" 440
"E:/Studio2_Team6/VRS2T6_Project/Content/StarterContent/Materials/M_Concrete_Grime.uasset" 441
"E:/Studio2_Team6/VRS2T6_Project/Content/StarterContent/Textures/T_Ground_Grass_D.uasset" 442
"E:/Studio2_Team6/VRS2T6_Project/Content/StarterContent/Textures/T_Ground_Grass_N.uasset" 443
"E:/Studio2_Team6/VRS2T6_Project/Content/StarterContent/Materials/M_Ground_Grass.uasset" 444
"E:/Studio2_Team6/VRS2T6_Project/Content/StarterContent/Materials/M_Metal_Chrome.uasset" 445
"E:/Studio2_Team6/VRS2T6_Project/Content/StarterContent/Textures/T_Metal_Rust_D.uasset" 446
"E:/Studio2_Team6/VRS2T6_Project/Content/StarterContent/Materials/M_Metal_Rust.uasset" 447
"E:/Studio2_Team6/VRS2T6_Project/Content/StarterContent/Textures/T_Metal_Steel_D.uasset" 448
"E:/Studio2_Team6/VRS2T6_Project/Content/StarterContent/Textures/T_Metal_Steel_N.uasset" 449
"E:/Studio2_Team6/VRS2T6_Project/Content/StarterContent/Materials/M_Metal_Steel.uasset" 450
"E:/Studio2_Team6/VRS2T6_Project/Content/StarterContent/Textures/T_Wood_Walnut_D.uasset" 451
"E:/Studio2_Team6/VRS2T6_Project/Content/StarterContent/Textures/T_Wood_Walnut_N.uasset" 452
"E:/Studio2_Team6/VRS2T6_Project/Content/StarterContent/Materials/M_Wood_Walnut.uasset" 453
"../../../Engine/Content/EngineMaterials/DefaultPhysicalMaterial.uasset" 454
"E:/Studio2_Team6/VRS2T6_Project/Content/Materials/M_Basic_Wall.uasset" 455
"E:/Studio2_Team6/VRS2T6_Project/Content/Architecture/Pillar_50x500.uasset" 456
"E:/Studio2_Team6/VRS2T6_Project/Content/DT_Architecture/SM_Door.uasset" 457
"E:/Studio2_Team6/VRS2T6_Project/Content/DT_Architecture/SM_DoorFrame.uasset" 458
"E:/Studio2_Team6/VRS2T6_Project/Content/DT_Architecture/SM_Wall_2xWindow.uasset" 459
"E:/Studio2_Team6/VRS2T6_Project/Content/DT_Architecture/SM_Window_Bottom.uasset" 460
"E:/Studio2_Team6/VRS2T6_Project/Content/DT_Architecture/SM_Window_Top.uasset" 461
"E:/Studio2_Team6/VRS2T6_Project/Content/Textures/T_Metal_Gold_N.uasset" 462
"E:/Studio2_Team6/VRS2T6_Project/Content/DT_Materials/M_Plastic.uasset" 463
"E:/Studio2_Team6/VRS2T6_Project/Content/Textures/T_MacroVariation.uasset" 464
"E:/Studio2_Team6/VRS2T6_Project/Content/Textures/T_Metal_Steel_D.uasset" 465
"E:/Studio2_Team6/VRS2T6_Project/Content/Textures/T_Metal_Steel_N.uasset" 466
"E:/Studio2_Team6/VRS2T6_Project/Content/Materials/M_Metal_Steel.uasset" 467
"E:/Studio2_Team6/VRS2T6_Project/Content/DT_Props/SM_Electrical_Outlet.uasset" 468
"E:/Studio2_Team6/VRS2T6_Project/Content/StarterContent/Architecture/Wall_400x400.uasset" 469
"E:/Studio2_Team6/VRS2T6_Project/Content/StarterContent/Architecture/Wall_Door_400x400.uasset" 470
"E:/Studio2_Team6/VRS2T6_Project/Content/StarterContent/Textures/T_Bush_D.uasset" 471
"E:/Studio2_Team6/VRS2T6_Project/Content/StarterContent/Textures/T_Bush_N.uasset" 472
"E:/Studio2_Team6/VRS2T6_Project/Content/StarterContent/Props/Materials/M_Bush.uasset" 473
"E:/Studio2_Team6/VRS2T6_Project/Content/StarterContent/Props/SM_Bush.uasset" 474
"E:/Studio2_Team6/VRS2T6_Project/Content/StarterContent/Textures/T_Lamp_M.uasset" 475
"E:/Studio2_Team6/VRS2T6_Project/Content/StarterContent/Textures/T_Lamp_N.uasset" 476
"E:/Studio2_Team6/VRS2T6_Project/Content/StarterContent/Props/Materials/M_Lamp.uasset" 477
"E:/Studio2_Team6/VRS2T6_Project/Content/StarterContent/Props/SM_Lamp_Wall.uasset" 478
"E:/Studio2_Team6/VRS2T6_Project/Content/StarterContent/Textures/T_Rock_Basalt_D.uasset" 479
"E:/Studio2_Team6/VRS2T6_Project/Content/StarterContent/Textures/T_RockMesh_M.uasset" 480
"E:/Studio2_Team6/VRS2T6_Project/Content/StarterContent/Textures/T_RockMesh_N.uasset" 481
"E:/Studio2_Team6/VRS2T6_Project/Content/StarterContent/Props/Materials/M_Rock.uasset" 482
"E:/Studio2_Team6/VRS2T6_Project/Content/StarterContent/Props/SM_Rock.uasset" 483
"E:/Studio2_Team6/VRS2T6_Project/Content/ThirdPersonBP/Blueprints/Home_Map2_Ceiling.uasset" 484
"E:/Studio2_Team6/VRS2T6_Project/Content/StarterContent/Textures/T_Frame_M.uasset" 485
"E:/Studio2_Team6/VRS2T6_Project/Content/StarterContent/Textures/T_Frame_N.uasset" 486
"E:/Studio2_Team6/VRS2T6_Project/Content/StarterContent/Props/Materials/M_Frame.uasset" 487
"E:/Studio2_Team6/VRS2T6_Project/Content/ThirdPersonBP/Blueprints/Home_Map2_Fence.uasset" 488
"E:/Studio2_Team6/VRS2T6_Project/Content/ThirdPersonBP/Blueprints/Home_Map2_Floor.uasset" 489
"E:/Studio2_Team6/VRS2T6_Project/Content/ThirdPersonBP/Blueprints/Home_Map2_Garden.uasset" 490
"E:/Studio2_Team6/VRS2T6_Project/Content/Maps/Home_Map2.umap" 491
"E:/Studio2_Team6/VRS2T6_Project/Content/VirtualReality/Materials/M_BaseMaterial.uasset" 492
"E:/Studio2_Team6/VRS2T6_Project/Content/VirtualReality/Materials/MI_SmallCubes.uasset" 493
"E:/Studio2_Team6/VRS2T6_Project/Content/VirtualRealityBP/Blueprints/BP_PickupCube.uasset" 494
"E:/Studio2_Team6/VRS2T6_Project/Content/Maps/MotionControllerMap_BuiltData.uasset" 495
"E:/Studio2_Team6/VRS2T6_Project/Content/VirtualReality/Materials/MI_BaseMaterial2.uasset" 496
"E:/Studio2_Team6/VRS2T6_Project/Content/VirtualReality/Materials/MI_BaseMaterial3.uasset" 497
"E:/Studio2_Team6/VRS2T6_Project/Content/Maps/MotionControllerMap.umap" 498
"E:/Studio2_Team6/VRS2T6_Project/Content/Maps/Office_Map.umap" 499
"E:/Studio2_Team6/VRS2T6_Project/Content/Maps/Office_Map2_BuiltData.uasset" 500
"E:/Studio2_Team6/VRS2T6_Project/Content/StarterContent/Textures/T_Concrete_Poured_D.uasset" 501
"E:/Studio2_Team6/VRS2T6_Project/Content/StarterContent/Textures/T_Concrete_Poured_N.uasset" 502
"E:/Studio2_Team6/VRS2T6_Project/Content/StarterContent/Materials/M_Concrete_Poured.uasset" 503
"E:/Studio2_Team6/VRS2T6_Project/Content/StarterContent/Materials/M_Metal_Brushed_Nickel.uasset" 504
"E:/Studio2_Team6/VRS2T6_Project/Content/StarterContent/Textures/T_Tech_Panel_M.uasset" 505
"E:/Studio2_Team6/VRS2T6_Project/Content/StarterContent/Textures/T_Tech_Panel_N.uasset" 506
"E:/Studio2_Team6/VRS2T6_Project/Content/StarterContent/Materials/M_Tech_Panel.uasset" 507
"E:/Studio2_Team6/VRS2T6_Project/Content/StarterContent/Textures/T_Chair_M.uasset" 508
"E:/Studio2_Team6/VRS2T6_Project/Content/StarterContent/Textures/T_Chair_N.uasset" 509
"E:/Studio2_Team6/VRS2T6_Project/Content/StarterContent/Props/Materials/M_Chair.uasset" 510
"E:/Studio2_Team6/VRS2T6_Project/Content/StarterContent/Props/SM_Chair.uasset" 511
"E:/Studio2_Team6/VRS2T6_Project/Content/StarterContent/Props/SM_CornerFrame.uasset" 512
"E:/Studio2_Team6/VRS2T6_Project/Content/StarterContent/Props/SM_Couch.uasset" 513
"E:/Studio2_Team6/VRS2T6_Project/Content/StarterContent/Props/SM_Lamp_Ceiling.uasset" 514
"E:/Studio2_Team6/VRS2T6_Project/Content/StarterContent/Textures/T_Shelf_M.uasset" 515
"E:/Studio2_Team6/VRS2T6_Project/Content/StarterContent/Textures/T_Shelf_N.uasset" 516
"E:/Studio2_Team6/VRS2T6_Project/Content/StarterContent/Props/Materials/M_Shelf.uasset" 517
"E:/Studio2_Team6/VRS2T6_Project/Content/StarterContent/Props/SM_Shelf.uasset" 518
"E:/Studio2_Team6/VRS2T6_Project/Content/StarterContent/Textures/T_Statue_M.uasset" 519
"E:/Studio2_Team6/VRS2T6_Project/Content/StarterContent/Textures/T_Statue_N.uasset" 520
"E:/Studio2_Team6/VRS2T6_Project/Content/StarterContent/Props/Materials/M_Statue.uasset" 521
"E:/Studio2_Team6/VRS2T6_Project/Content/StarterContent/Props/Materials/M_StatueGlass.uasset" 522
"E:/Studio2_Team6/VRS2T6_Project/Content/StarterContent/Props/SM_Statue.uasset" 523
"E:/Studio2_Team6/VRS2T6_Project/Content/StarterContent/Textures/T_TableRound_M.uasset" 524
"E:/Studio2_Team6/VRS2T6_Project/Content/StarterContent/Textures/T_TableRound_N.uasset" 525
"E:/Studio2_Team6/VRS2T6_Project/Content/StarterContent/Props/Materials/M_TableRound.uasset" 526
"E:/Studio2_Team6/VRS2T6_Project/Content/StarterContent/Props/SM_TableRound.uasset" 527
"E:/Studio2_Team6/VRS2T6_Project/Content/StarterContent/Shapes/Shape_Trim_90_Out.uasset" 528
"E:/Studio2_Team6/VRS2T6_Project/Content/Maps/Office_Map2.umap" 529
"E:/Studio2_Team6/VRS2T6_Project/Content/Maps/ShoppingCentre_Map.umap" 530
"E:/Studio2_Team6/VRS2T6_Project/Content/Maps/ShoppingCentre_Map2_BuiltData.uasset" 531
"E:/Studio2_Team6/VRS2T6_Project/Content/StarterContent/Textures/T_Concrete_Panels_D.uasset" 532
"E:/Studio2_Team6/VRS2T6_Project/Content/StarterContent/Textures/T_Concrete_Panels_N.uasset" 533
"E:/Studio2_Team6/VRS2T6_Project/Content/StarterContent/Materials/M_Concrete_Panels.uasset" 534
"E:/Studio2_Team6/VRS2T6_Project/Content/StarterContent/Textures/T_Concrete_Tiles_D.uasset" 535
"E:/Studio2_Team6/VRS2T6_Project/Content/StarterContent/Textures/T_Concrete_Tiles_M.uasset" 536
"E:/Studio2_Team6/VRS2T6_Project/Content/StarterContent/Textures/T_Concrete_Tiles_N.uasset" 537
"E:/Studio2_Team6/VRS2T6_Project/Content/StarterContent/Textures/T_Concrete_Tiles_Variation_M.uasset" 538
"E:/Studio2_Team6/VRS2T6_Project/Content/StarterContent/Materials/M_Concrete_Tiles.uasset" 539
"E:/Studio2_Team6/VRS2T6_Project/Content/ThirdPersonBP/Blueprints/Mat/Veggies.uasset" 540
"E:/Studio2_Team6/VRS2T6_Project/Content/ThirdPersonBP/Blueprints/Mat/NewMaterial_2.uasset" 541
"E:/Studio2_Team6/VRS2T6_Project/Content/ThirdPersonBP/Blueprints/Mat/MTS_2.uasset" 542
"E:/Studio2_Team6/VRS2T6_Project/Content/StarterContent/Shapes/Shape_Trim.uasset" 543
"E:/Studio2_Team6/VRS2T6_Project/Content/ThirdPersonBP/Blueprints/SM_Supermarket_Prop.uasset" 544
"E:/Studio2_Team6/VRS2T6_Project/Content/Maps/ShoppingCentre_Map2.umap" 545
"E:/Studio2_Team6/VRS2T6_Project/Content/QuickTimeEvents/VRQTE_Library.uasset" 546
"E:/Studio2_Team6/VRS2T6_Project/Content/Maps/VRHome_Map.umap" 547
"E:/Studio2_Team6/VRS2T6_Project/Content/StarterContent/Blueprints/Assets/FogBrightnessLUT.uasset" 548
"E:/Studio2_Team6/VRS2T6_Project/Content/StarterContent/Blueprints/Assets/SunlightColorLUT.uasset" 549
"E:/Studio2_Team6/VRS2T6_Project/Content/StarterContent/Blueprints/Assets/M_LightStage_Arrows.uasset" 550
"../../../Engine/Content/MapTemplates/Sky/DaylightAmbientCubemap.uasset" 551
"E:/Studio2_Team6/VRS2T6_Project/Content/StarterContent/Blueprints/Assets/M_LightStage_Skybox_Master.uasset" 552
"E:/Studio2_Team6/VRS2T6_Project/Content/StarterContent/Blueprints/Assets/M_LightStage_Skybox_Black.uasset" 553
"E:/Studio2_Team6/VRS2T6_Project/Content/StarterContent/Blueprints/Assets/M_LightStage_Skybox_HDRI.uasset" 554
"../../../Engine/Content/EditorMaterials/Thumbnails/SkySphereMaterial.uasset" 555
"E:/Studio2_Team6/VRS2T6_Project/Content/StarterContent/Blueprints/Assets/Skybox.uasset" 556
"E:/Studio2_Team6/VRS2T6_Project/Content/StarterContent/Blueprints/Assets/SM_Arrows.uasset" 557
"E:/Studio2_Team6/VRS2T6_Project/Content/StarterContent/HDRI/HDRI_Epic_Courtyard_Daylight.uasset" 558
"E:/Studio2_Team6/VRS2T6_Project/Content/StarterContent/Blueprints/BP_LightStudio.uasset" 559
"E:/Studio2_Team6/VRS2T6_Project/Content/StarterContent/Maps/Advanced_Lighting_BuiltData.uasset" 560
"E:/Studio2_Team6/VRS2T6_Project/Content/StarterContent/Materials/M_AssetPlatform.uasset" 561
"../../../Engine/Content/EditorMeshes/ColorCalibrator/M_ChromeBall.uasset" 562
"../../../Engine/Content/EditorMeshes/ColorCalibrator/M_ClearCoat.uasset" 563
"../../../Engine/Content/EditorMeshes/ColorCalibrator/M_ClearCoatBlack.uasset" 564
"../../../Engine/Content/EditorMeshes/ColorCalibrator/Color_checker.uasset" 565
"../../../Engine/Content/EditorMeshes/ColorCalibrator/M_ColorGrid.uasset" 566
"../../../Engine/Content/EditorMeshes/ColorCalibrator/M_GreyBall.uasset" 567
"../../../Engine/Content/EditorMeshes/ColorCalibrator/SM_ColorCalibrator.uasset" 568
"E:/Studio2_Team6/VRS2T6_Project/Content/StarterContent/Architecture/SM_AssetPlatform.uasset" 569
"E:/Studio2_Team6/VRS2T6_Project/Content/StarterContent/Maps/Advanced_Lighting.umap" 570
"E:/Studio2_Team6/VRS2T6_Project/Content/StarterContent/Maps/Minimal_Default_BuiltData.uasset" 571
"E:/Studio2_Team6/VRS2T6_Project/Content/StarterContent/Textures/T_Metal_Aluminum_D.uasset" 572
"E:/Studio2_Team6/VRS2T6_Project/Content/StarterContent/Textures/T_Metal_Gold_N.uasset" 573
"E:/Studio2_Team6/VRS2T6_Project/Content/StarterContent/Materials/M_Metal_Burnished_Steel.uasset" 574
"E:/Studio2_Team6/VRS2T6_Project/Content/StarterContent/Textures/T_Metal_Copper_D.uasset" 575
"E:/Studio2_Team6/VRS2T6_Project/Content/StarterContent/Materials/M_Metal_Copper.uasset" 576
"E:/Studio2_Team6/VRS2T6_Project/Content/StarterContent/Architecture/Floor_400x400.uasset" 577
"E:/Studio2_Team6/VRS2T6_Project/Content/StarterContent/Audio/Starter_Background_Cue.uasset" 578
"E:/Studio2_Team6/VRS2T6_Project/Content/StarterContent/Maps/Minimal_Default.umap" 579
"E:/Studio2_Team6/VRS2T6_Project/Content/StarterContent/Audio/Fire01_Cue.uasset" 580
"E:/Studio2_Team6/VRS2T6_Project/Content/StarterContent/Textures/T_Fire_SubUV.uasset" 581
"E:/Studio2_Team6/VRS2T6_Project/Content/StarterContent/Textures/T_Fire_Tiled_D.uasset" 582
"E:/Studio2_Team6/VRS2T6_Project/Content/StarterContent/Particles/Materials/M_Fire_SubUV.uasset" 583
"E:/Studio2_Team6/VRS2T6_Project/Content/StarterContent/Textures/T_Water_N.uasset" 584
"E:/Studio2_Team6/VRS2T6_Project/Content/StarterContent/Particles/Materials/M_Heat_Distortion.uasset" 585
"E:/Studio2_Team6/VRS2T6_Project/Content/StarterContent/Particles/Materials/M_Radial_Gradient.uasset" 586
"E:/Studio2_Team6/VRS2T6_Project/Content/StarterContent/Particles/P_Fire.uasset" 587
"E:/Studio2_Team6/VRS2T6_Project/Content/StarterContent/Blueprints/Blueprint_Effect_Fire.uasset" 588
"E:/Studio2_Team6/VRS2T6_Project/Content/StarterContent/Audio/Smoke01_Cue.uasset" 589
"E:/Studio2_Team6/VRS2T6_Project/Content/StarterContent/Particles/P_Smoke.uasset" 590
"E:/Studio2_Team6/VRS2T6_Project/Content/StarterContent/Blueprints/Blueprint_Effect_Smoke.uasset" 591
"E:/Studio2_Team6/VRS2T6_Project/Content/StarterContent/Audio/Fire_Sparks01_Cue.uasset" 592
"E:/Studio2_Team6/VRS2T6_Project/Content/StarterContent/Textures/T_Spark_Core.uasset" 593
"E:/Studio2_Team6/VRS2T6_Project/Content/StarterContent/Particles/Materials/M_Spark.uasset" 594
"E:/Studio2_Team6/VRS2T6_Project/Content/StarterContent/Particles/P_Sparks.uasset" 595
"E:/Studio2_Team6/VRS2T6_Project/Content/StarterContent/Blueprints/Blueprint_Effect_Sparks.uasset" 596
"E:/Studio2_Team6/VRS2T6_Project/Content/StarterContent/Audio/Steam01_Cue.uasset" 597
"E:/Studio2_Team6/VRS2T6_Project/Content/StarterContent/Particles/P_Steam_Lit.uasset" 598
"E:/Studio2_Team6/VRS2T6_Project/Content/StarterContent/Blueprints/Blueprint_Effect_Steam.uasset" 599
"E:/Studio2_Team6/VRS2T6_Project/Content/StarterContent/Blueprints/Blueprint_CeilingLight.uasset" 600
"E:/Studio2_Team6/VRS2T6_Project/Content/StarterContent/Blueprints/Blueprint_WallSconce.uasset" 601
"E:/Studio2_Team6/VRS2T6_Project/Content/StarterContent/Maps/StarterMap_BuiltData.uasset" 602
"../../../Engine/Content/Functions/Engine_MaterialFunctions03/Procedurals/ComputeFilterWidth.uasset" 603
"../../../Engine/Content/EngineMaterials/AntiAliasedTextMaterialTranslucent.uasset" 604
"E:/Studio2_Team6/VRS2T6_Project/Content/StarterContent/Textures/T_Brick_Clay_Old_D.uasset" 605
"E:/Studio2_Team6/VRS2T6_Project/Content/StarterContent/Textures/T_Brick_Clay_Old_N.uasset" 606
"E:/Studio2_Team6/VRS2T6_Project/Content/StarterContent/Materials/M_Brick_Clay_Old.uasset" 607
"E:/Studio2_Team6/VRS2T6_Project/Content/StarterContent/Textures/T_Brick_Hewn_Stone_D.uasset" 608
"E:/Studio2_Team6/VRS2T6_Project/Content/StarterContent/Textures/T_Brick_Hewn_Stone_M.uasset" 609
"E:/Studio2_Team6/VRS2T6_Project/Content/StarterContent/Textures/T_Brick_Hewn_Stone_N.uasset" 610
"E:/Studio2_Team6/VRS2T6_Project/Content/StarterContent/Materials/M_Brick_Hewn_Stone.uasset" 611
"E:/Studio2_Team6/VRS2T6_Project/Content/StarterContent/Textures/T_Ceramic_Tile_M.uasset" 612
"E:/Studio2_Team6/VRS2T6_Project/Content/StarterContent/Textures/T_Ceramic_Tile_N.uasset" 613
"E:/Studio2_Team6/VRS2T6_Project/Content/StarterContent/Textures/T_Rock_Marble_Polished_D.uasset" 614
"E:/Studio2_Team6/VRS2T6_Project/Content/StarterContent/Materials/M_Ceramic_Tile_Checker.uasset" 615
"E:/Studio2_Team6/VRS2T6_Project/Content/StarterContent/Textures/T_CobbleStone_Pebble_D.uasset" 616
"E:/Studio2_Team6/VRS2T6_Project/Content/StarterContent/Textures/T_CobbleStone_Pebble_M.uasset" 617
"E:/Studio2_Team6/VRS2T6_Project/Content/StarterContent/Textures/T_CobbleStone_Pebble_N.uasset" 618
"E:/Studio2_Team6/VRS2T6_Project/Content/StarterContent/Materials/M_CobbleStone_Pebble.uasset" 619
"E:/Studio2_Team6/VRS2T6_Project/Content/StarterContent/Textures/T_CobbleStone_Rough_D.uasset" 620
"E:/Studio2_Team6/VRS2T6_Project/Content/StarterContent/Textures/T_CobbleStone_Rough_N.uasset" 621
"E:/Studio2_Team6/VRS2T6_Project/Content/StarterContent/Textures/T_Gradinet_01.uasset" 622
"E:/Studio2_Team6/VRS2T6_Project/Content/StarterContent/Textures/T_Rock_Smooth_Granite_D.uasset" 623
"E:/Studio2_Team6/VRS2T6_Project/Content/StarterContent/Materials/M_CobbleStone_Rough.uasset" 624
"E:/Studio2_Team6/VRS2T6_Project/Content/StarterContent/Textures/T_CobbleStone_Smooth_D.uasset" 625
"E:/Studio2_Team6/VRS2T6_Project/Content/StarterContent/Textures/T_CobbleStone_Smooth_M.uasset" 626
"E:/Studio2_Team6/VRS2T6_Project/Content/StarterContent/Textures/T_CobbleStone_Smooth_N.uasset" 627
"E:/Studio2_Team6/VRS2T6_Project/Content/StarterContent/Materials/M_CobbleStone_Smooth.uasset" 628
"E:/Studio2_Team6/VRS2T6_Project/Content/StarterContent/Textures/T_Ground_Gravel_D.uasset" 629
"E:/Studio2_Team6/VRS2T6_Project/Content/StarterContent/Textures/T_Ground_Gravel_N.uasset" 630
"E:/Studio2_Team6/VRS2T6_Project/Content/StarterContent/Materials/M_Ground_Gravel.uasset" 631
"E:/Studio2_Team6/VRS2T6_Project/Content/StarterContent/Textures/T_Metal_Gold_D.uasset" 632
"E:/Studio2_Team6/VRS2T6_Project/Content/StarterContent/Materials/M_Metal_Gold.uasset" 633
"E:/Studio2_Team6/VRS2T6_Project/Content/StarterContent/Textures/T_Rock_Basalt_N.uasset" 634
"E:/Studio2_Team6/VRS2T6_Project/Content/StarterContent/Materials/M_Rock_Basalt.uasset" 635
"E:/Studio2_Team6/VRS2T6_Project/Content/StarterContent/Materials/M_Rock_Marble_Polished.uasset" 636
"E:/Studio2_Team6/VRS2T6_Project/Content/StarterContent/Textures/T_Rock_Sandstone_D.uasset" 637
"E:/Studio2_Team6/VRS2T6_Project/Content/StarterContent/Textures/T_Rock_Sandstone_N.uasset" 638
"E:/Studio2_Team6/VRS2T6_Project/Content/StarterContent/Materials/M_Rock_Sandstone.uasset" 639
"E:/Studio2_Team6/VRS2T6_Project/Content/StarterContent/Textures/T_Rock_Slate_D.uasset" 640
"E:/Studio2_Team6/VRS2T6_Project/Content/StarterContent/Textures/T_Rock_Slate_N.uasset" 641
"E:/Studio2_Team6/VRS2T6_Project/Content/StarterContent/Materials/M_Rock_Slate.uasset" 642
"E:/Studio2_Team6/VRS2T6_Project/Content/StarterContent/Textures/T_Checker_Noise_M.uasset" 643
"E:/Studio2_Team6/VRS2T6_Project/Content/StarterContent/Textures/T_Single_Tile_N.uasset" 644
"E:/Studio2_Team6/VRS2T6_Project/Content/StarterContent/Textures/T_Tech_Dot_M.uasset" 645
"E:/Studio2_Team6/VRS2T6_Project/Content/StarterContent/Textures/T_Tech_Dot_N.uasset" 646
"E:/Studio2_Team6/VRS2T6_Project/Content/StarterContent/Materials/M_Tech_Checker_Dot.uasset" 647
"E:/Studio2_Team6/VRS2T6_Project/Content/StarterContent/Textures/T_Tech_Hex_Tile_M.uasset" 648
"E:/Studio2_Team6/VRS2T6_Project/Content/StarterContent/Textures/T_Tech_Hex_Tile_N.uasset" 649
"E:/Studio2_Team6/VRS2T6_Project/Content/StarterContent/Materials/M_Tech_Hex_Tile.uasset" 650
"E:/Studio2_Team6/VRS2T6_Project/Content/StarterContent/Materials/M_Tech_Hex_Tile_Pulse.uasset" 651
"E:/Studio2_Team6/VRS2T6_Project/Content/StarterContent/Materials/M_Water_Lake.uasset" 652
"E:/Studio2_Team6/VRS2T6_Project/Content/StarterContent/Textures/T_Water_M.uasset" 653
"E:/Studio2_Team6/VRS2T6_Project/Content/StarterContent/Materials/M_Water_Ocean.uasset" 654
"../../../Engine/Content/Functions/Engine_MaterialFunctions01/Opacity/AlphaOffset.uasset" 655
"E:/Studio2_Team6/VRS2T6_Project/Content/StarterContent/Materials/M_Wood_Floor_Walnut_Worn.uasset" 656
"E:/Studio2_Team6/VRS2T6_Project/Content/StarterContent/Textures/T_Wood_Pine_D.uasset" 657
"E:/Studio2_Team6/VRS2T6_Project/Content/StarterContent/Textures/T_Wood_Pine_N.uasset" 658
"E:/Studio2_Team6/VRS2T6_Project/Content/StarterContent/Materials/M_Wood_Pine.uasset" 659
"E:/Studio2_Team6/VRS2T6_Project/Content/StarterContent/Architecture/Wall_400x200.uasset" 660
"E:/Studio2_Team6/VRS2T6_Project/Content/StarterContent/Architecture/Wall_Door_400x300.uasset" 661
"E:/Studio2_Team6/VRS2T6_Project/Content/StarterContent/Architecture/Wall_Window_400x300.uasset" 662
"E:/Studio2_Team6/VRS2T6_Project/Content/StarterContent/Audio/Collapse_Cue.uasset" 663
"E:/Studio2_Team6/VRS2T6_Project/Content/StarterContent/Audio/Starter_Music_Cue.uasset" 664
"E:/Studio2_Team6/VRS2T6_Project/Content/StarterContent/Textures/T_Dust_Particle_D.uasset" 665
"E:/Studio2_Team6/VRS2T6_Project/Content/StarterContent/Particles/Materials/M_Dust_Particle.uasset" 666
"E:/Studio2_Team6/VRS2T6_Project/Content/StarterContent/Particles/P_Ambient_Dust.uasset" 667
"E:/Studio2_Team6/VRS2T6_Project/Content/StarterContent/Props/MaterialSphere.uasset" 668
"E:/Studio2_Team6/VRS2T6_Project/Content/StarterContent/Props/SM_DoorFrame.uasset" 669
"E:/Studio2_Team6/VRS2T6_Project/Content/StarterContent/Props/SM_GlassWindow.uasset" 670
"E:/Studio2_Team6/VRS2T6_Project/Content/StarterContent/Props/SM_PillarFrame.uasset" 671
"E:/Studio2_Team6/VRS2T6_Project/Content/StarterContent/Props/SM_PillarFrame300.uasset" 672
"E:/Studio2_Team6/VRS2T6_Project/Content/StarterContent/Props/SM_WindowFrame.uasset" 673
"E:/Studio2_Team6/VRS2T6_Project/Content/StarterContent/Shapes/Shape_Cube.uasset" 674
"E:/Studio2_Team6/VRS2T6_Project/Content/StarterContent/Shapes/Shape_QuadPyramid.uasset" 675
"E:/Studio2_Team6/VRS2T6_Project/Content/StarterContent/Maps/StarterMap.umap" 676
"E:/Studio2_Team6/VRS2T6_Project/Content/VirtualRealityBP/Blueprints/HMDLocomotionPawn.uasset" 677
"E:/Studio2_Team6/VRS2T6_Project/Content/VirtualRealityBP/Maps/HMDLocomotionMap_BuiltData.uasset" 678
"E:/Studio2_Team6/VRS2T6_Project/Content/VirtualRealityBP/Maps/HMDLocomotionMap.umap" 679
"E:/Studio2_Team6/VRS2T6_Project/Content/VirtualRealityBP/Maps/StartupMap_BuiltData.uasset" 680
"E:/Studio2_Team6/VRS2T6_Project/Content/VirtualReality/Materials/GenericHMDMaterial.uasset" 681
"E:/Studio2_Team6/VRS2T6_Project/Content/VirtualReality/Meshes/GenericHMD.uasset" 682
"E:/Studio2_Team6/VRS2T6_Project/Content/VirtualRealityBP/Maps/StartupMap.umap" 683
"../../../Engine/Content/Maps/Entry_BuiltData.uasset" 684
"../../../Engine/Content/Maps/Entry.umap" 685
