Log file open, 02/12/20 13:59:27
LogWindows: Failed to load 'aqProf.dll' (GetLastError=126)
LogWindows: File 'aqProf.dll' does not exist
LogWindows: Failed to load 'VtuneApi.dll' (GetLastError=126)
LogWindows: File 'VtuneApi.dll' does not exist
LogWindows: Failed to load 'VtuneApi32e.dll' (GetLastError=126)
LogWindows: File 'VtuneApi32e.dll' does not exist
LogConsoleResponse: Display: Failed to find resolution value strings in scalability ini. Falling back to default.
LogInit: Display: Running engine for game: S2T6_Project
LogPlatformFile: Not using cached read wrapper
LogTaskGraph: Started task graph with 5 named threads and 23 total threads with 3 sets of task threads.
LogStats: Stats thread started at 0.108639
LogD3D11RHI: Loaded GFSDK_Aftermath_Lib.x64.dll
LogICUInternationalization: ICU TimeZone Detection - Raw Offset: +10:00, Platform Override: ''
LogPluginManager: Mounting plugin Paper2D
LogPluginManager: Mounting plugin AISupport
LogPluginManager: Mounting plugin LightPropagationVolume
LogPluginManager: Mounting plugin ActorLayerUtilities
LogPluginManager: Mounting plugin AnimationSharing
LogPluginManager: Mounting plugin CLionSourceCodeAccess
LogPluginManager: Mounting plugin CodeLiteSourceCodeAccess
LogPluginManager: Mounting plugin GitSourceControl
LogPluginManager: Mounting plugin KDevelopSourceCodeAccess
LogPluginManager: Mounting plugin NullSourceCodeAccess
LogPluginManager: Mounting plugin PerforceSourceControl
LogPluginManager: Mounting plugin PlasticSourceControl
LogPluginManager: Mounting plugin SubversionSourceControl
LogPluginManager: Mounting plugin UObjectPlugin
LogPluginManager: Mounting plugin VisualStudioCodeSourceCodeAccess
LogPluginManager: Mounting plugin VisualStudioSourceCodeAccess
LogPluginManager: Mounting plugin XCodeSourceCodeAccess
LogPluginManager: Mounting plugin AssetManagerEditor
LogPluginManager: Mounting plugin CryptoKeys
LogPluginManager: Mounting plugin CurveEditorTools
LogPluginManager: Mounting plugin DataValidation
LogPluginManager: Mounting plugin FacialAnimation
LogPluginManager: Mounting plugin GameplayTagsEditor
LogPluginManager: Mounting plugin MacGraphicsSwitching
LogPluginManager: Mounting plugin MaterialAnalyzer
LogPluginManager: Mounting plugin MobileLauncherProfileWizard
LogPluginManager: Mounting plugin PluginBrowser
LogPluginManager: Mounting plugin SpeedTreeImporter
LogPluginManager: Mounting plugin DatasmithContent
LogPluginManager: Mounting plugin VariantManagerContent
LogPluginManager: Mounting plugin AlembicImporter
LogPluginManager: Mounting plugin AutomationUtils
LogPluginManager: Mounting plugin BackChannel
LogPluginManager: Mounting plugin CharacterAI
LogPluginManager: Mounting plugin GeometryCache
LogPluginManager: Mounting plugin PlatformCrypto
LogPluginManager: Mounting plugin ProxyLODPlugin
LogPluginManager: Mounting plugin SkeletalReduction
LogPluginManager: Mounting plugin MagicLeap
LogPluginManager: Mounting plugin MagicLeapMedia
LogPluginManager: Mounting plugin MLSDK
LogPluginManager: Mounting plugin AndroidMedia
LogPluginManager: Mounting plugin AvfMedia
LogPluginManager: Mounting plugin ImgMedia
LogPluginManager: Mounting plugin MediaCompositing
LogPluginManager: Mounting plugin MediaPlayerEditor
LogPluginManager: Mounting plugin WebMMedia
LogPluginManager: Mounting plugin WmfMedia
LogPluginManager: Mounting plugin TcpMessaging
LogPluginManager: Mounting plugin UdpMessaging
LogPluginManager: Mounting plugin ActorSequence
LogPluginManager: Mounting plugin LevelSequenceEditor
LogPluginManager: Mounting plugin MatineeToLevelSequence
LogPluginManager: Mounting plugin NetcodeUnitTest
LogPluginManager: Mounting plugin NUTUnrealEngine4
LogPluginManager: Mounting plugin OnlineSubsystemGooglePlay
LogPluginManager: Mounting plugin OnlineSubsystemIOS
LogPluginManager: Mounting plugin OnlineSubsystem
LogPluginManager: Mounting plugin OnlineSubsystemNull
LogPluginManager: Mounting plugin OnlineSubsystemUtils
LogPluginManager: Mounting plugin LauncherChunkInstaller
LogPluginManager: Mounting plugin AndroidDeviceProfileSelector
LogPluginManager: Mounting plugin AndroidMoviePlayer
LogPluginManager: Mounting plugin AndroidPermission
LogPluginManager: Mounting plugin AppleImageUtils
LogPluginManager: Mounting plugin AppleMoviePlayer
LogPluginManager: Mounting plugin ArchVisCharacter
LogPluginManager: Mounting plugin AssetTags
LogPluginManager: Mounting plugin AudioCapture
LogPluginManager: Mounting plugin CableComponent
LogPluginManager: Mounting plugin CustomMeshComponent
LogPluginManager: Mounting plugin EditableMesh
LogPluginManager: Mounting plugin ExampleDeviceProfileSelector
LogPluginManager: Mounting plugin GoogleCloudMessaging
LogPluginManager: Mounting plugin IOSDeviceProfileSelector
LogPluginManager: Mounting plugin LinuxDeviceProfileSelector
LogPluginManager: Mounting plugin LocationServicesBPLibrary
LogPluginManager: Mounting plugin MobilePatchingUtils
LogPluginManager: Mounting plugin OculusVR
LogPluginManager: Mounting plugin PhysXVehicles
LogPluginManager: Mounting plugin PostSplashScreen
LogPluginManager: Mounting plugin ProceduralMeshComponent
LogPluginManager: Mounting plugin RuntimePhysXCooking
LogPluginManager: Mounting plugin SignificanceManager
LogPluginManager: Mounting plugin SteamVR
LogPluginManager: Mounting plugin WebMMoviePlayer
LogPluginManager: Mounting plugin WindowsMoviePlayer
LogPluginManager: Mounting plugin ScreenshotTools
LogInit: Using libcurl 7.55.1-DEV
LogInit:  - built for x86_64-pc-win32
LogInit:  - supports SSL with OpenSSL/1.1.1
LogInit:  - supports HTTP deflate (compression) using libz 1.2.8
LogInit:  - other features:
LogInit:      CURL_VERSION_SSL
LogInit:      CURL_VERSION_LIBZ
LogInit:      CURL_VERSION_IPV6
LogInit:      CURL_VERSION_ASYNCHDNS
LogInit:      CURL_VERSION_LARGEFILE
LogInit:      CURL_VERSION_IDN
LogInit:  CurlRequestOptions (configurable via config and command line):
LogInit:  - bVerifyPeer = true  - Libcurl will verify peer certificate
LogInit:  - bUseHttpProxy = false  - Libcurl will NOT use HTTP proxy
LogInit:  - bDontReuseConnections = false  - Libcurl will reuse connections
LogInit:  - MaxHostConnections = 16  - Libcurl will limit the number of connections to a host
LogInit:  - LocalHostAddr = Default
LogInit:  - BufferSize = 65536
LogOnline: OSS: Creating online subsystem instance for: NULL
LogInit: WinSock: version 1.1 (2.2), MaxSocks=32767, MaxUdp=65467
LogOnline: OSS: TryLoadSubsystemAndSetDefault: Loaded subsystem for module [NULL]
LogInit: Build: ++UE4+Release-4.24-CL-11100242
LogInit: Engine Version: 4.24.2-11100242+++UE4+Release-4.24
LogInit: Compatible Engine Version: 4.24.0-10570792+++UE4+Release-4.24
LogInit: Net CL: 10570792
LogInit: OS: Windows 10 (Release 1909) (), CPU: Intel(R) Core(TM) i7-6700 CPU @ 3.40GHz, GPU: NVIDIA GeForce GTX 980
LogInit: Compiled (64-bit): Jan 24 2020 02:05:53
LogInit: Compiled with Visual C++: 19.16.27032.01
LogInit: Build Configuration: Development
LogInit: Branch Name: ++UE4+Release-4.24
LogInit: Command Line: 
LogInit: Base Directory: C:/Program Files/Epic Games/UE_4.24/Engine/Binaries/Win64/
LogInit: Installed Engine Build: 1
LogDevObjectVersion: Number of dev versions registered: 25
LogDevObjectVersion:   Dev-Blueprints (B0D832E4-1F89-4F0D-ACCF-7EB736FD4AA2): 10
LogDevObjectVersion:   Dev-Build (E1C64328-A22C-4D53-A36C-8E866417BD8C): 0
LogDevObjectVersion:   Dev-Core (375EC13C-06E4-48FB-B500-84F0262A717E): 3
LogDevObjectVersion:   Dev-Editor (E4B068ED-F494-42E9-A231-DA0B2E46BB41): 37
LogDevObjectVersion:   Dev-Framework (CFFC743F-43B0-4480-9391-14DF171D2073): 36
LogDevObjectVersion:   Dev-Mobile (B02B49B5-BB20-44E9-A304-32B752E40360): 2
LogDevObjectVersion:   Dev-Networking (A4E4105C-59A1-49B5-A7C5-40C4547EDFEE): 0
LogDevObjectVersion:   Dev-Online (39C831C9-5AE6-47DC-9A44-9C173E1C8E7C): 0
LogDevObjectVersion:   Dev-Physics (78F01B33-EBEA-4F98-B9B4-84EACCB95AA2): 2
LogDevObjectVersion:   Dev-Platform (6631380F-2D4D-43E0-8009-CF276956A95A): 0
LogDevObjectVersion:   Dev-Rendering (12F88B9F-8875-4AFC-A67C-D90C383ABD29): 36
LogDevObjectVersion:   Dev-Sequencer (7B5AE74C-D270-4C10-A958-57980B212A5A): 11
LogDevObjectVersion:   Dev-VR (D7296918-1DD6-4BDD-9DE2-64A83CC13884): 2
LogDevObjectVersion:   Dev-LoadTimes (C2A15278-BFE7-4AFE-6C17-90FF531DF755): 1
LogDevObjectVersion:   Private-Geometry (6EACA3D4-40EC-4CC1-B786-8BED09428FC5): 3
LogDevObjectVersion:   Dev-AnimPhys (29E575DD-E0A3-4627-9D10-D276232CDCEA): 17
LogDevObjectVersion:   Dev-Anim (AF43A65D-7FD3-4947-9873-3E8ED9C1BB05): 2
LogDevObjectVersion:   Dev-ReflectionCapture (6B266CEC-1EC7-4B8F-A30B-E4D90942FC07): 1
LogDevObjectVersion:   Dev-Automation (0DF73D61-A23F-47EA-B727-89E90C41499A): 1
LogDevObjectVersion:   FortniteMain (601D1886-AC64-4F84-AA16-D3DE0DEAC7D6): 31
LogDevObjectVersion:   Dev-Enterprise (9DFFBCD6-494F-0158-E221-12823C92A888): 8
LogDevObjectVersion:   Dev-Niagara (F2AED0AC-9AFE-416F-8664-AA7FFA26D6FC): 1
LogDevObjectVersion:   Dev-Destruction (174F1F0B-B4C6-45A5-B13F-2EE8D0FB917D): 9
LogDevObjectVersion:   Dev-Physics-Ext (35F94A83-E258-406C-A318-09F59610247C): 8
LogDevObjectVersion:   Dev-CineCamera (B2E18506-4273-CFC2-A54E-F4BB758BBA07): 1
LogInit: Presizing for max 25165824 objects, including 0 objects not considered by GC, pre-allocating 0 bytes for permanent pool.
LogInit: Object subsystem initialized
LogConfig: Setting CVar [[con.DebugEarlyDefault:1]]
LogConfig: Setting CVar [[r.setres:1280x720]]
[2020.02.12-02.59.27:711][  0]LogConfig: Setting CVar [[r.VSync:0]]
[2020.02.12-02.59.27:711][  0]LogConfig: Setting CVar [[r.RHICmdBypass:0]]
[2020.02.12-02.59.27:711][  0]LogConfig: Applying CVar settings from Section [/Script/Engine.RendererSettings] File [D:/Studio2_Team6/S2T6_Project/Saved/Config/Windows/Engine.ini]
[2020.02.12-02.59.27:711][  0]LogConfig: Setting CVar [[r.GPUCrashDebugging:0]]
[2020.02.12-02.59.27:711][  0]LogConfig: Applying CVar settings from Section [/Script/Engine.RendererOverrideSettings] File [D:/Studio2_Team6/S2T6_Project/Saved/Config/Windows/Engine.ini]
[2020.02.12-02.59.27:711][  0]LogConfig: Applying CVar settings from Section [/Script/Engine.StreamingSettings] File [D:/Studio2_Team6/S2T6_Project/Saved/Config/Windows/Engine.ini]
[2020.02.12-02.59.27:711][  0]LogConfig: Setting CVar [[s.MinBulkDataSizeForAsyncLoading:131072]]
[2020.02.12-02.59.27:711][  0]LogConfig: Setting CVar [[s.AsyncLoadingThreadEnabled:0]]
[2020.02.12-02.59.27:711][  0]LogConfig: Setting CVar [[s.EventDrivenLoaderEnabled:1]]
[2020.02.12-02.59.27:711][  0]LogConfig: Setting CVar [[s.WarnIfTimeLimitExceeded:0]]
[2020.02.12-02.59.27:711][  0]LogConfig: Setting CVar [[s.TimeLimitExceededMultiplier:1.5]]
[2020.02.12-02.59.27:711][  0]LogConfig: Setting CVar [[s.TimeLimitExceededMinTime:0.005]]
[2020.02.12-02.59.27:711][  0]LogConfig: Setting CVar [[s.UseBackgroundLevelStreaming:1]]
[2020.02.12-02.59.27:711][  0]LogConfig: Setting CVar [[s.PriorityAsyncLoadingExtraTime:15.0]]
[2020.02.12-02.59.27:711][  0]LogConfig: Setting CVar [[s.LevelStreamingActorsUpdateTimeLimit:5.0]]
[2020.02.12-02.59.27:711][  0]LogConfig: Setting CVar [[s.PriorityLevelStreamingActorsUpdateExtraTime:5.0]]
[2020.02.12-02.59.27:712][  0]LogConfig: Setting CVar [[s.LevelStreamingComponentsRegistrationGranularity:10]]
[2020.02.12-02.59.27:712][  0]LogConfig: Setting CVar [[s.UnregisterComponentsTimeLimit:1.0]]
[2020.02.12-02.59.27:712][  0]LogConfig: Setting CVar [[s.LevelStreamingComponentsUnregistrationGranularity:5]]
[2020.02.12-02.59.27:712][  0]LogConfig: Setting CVar [[s.FlushStreamingOnExit:1]]
[2020.02.12-02.59.27:712][  0]LogConfig: Applying CVar settings from Section [/Script/Engine.GarbageCollectionSettings] File [D:/Studio2_Team6/S2T6_Project/Saved/Config/Windows/Engine.ini]
[2020.02.12-02.59.27:712][  0]LogConfig: Setting CVar [[gc.MaxObjectsNotConsideredByGC:1]]
[2020.02.12-02.59.27:712][  0]LogConfig: Setting CVar [[gc.SizeOfPermanentObjectPool:0]]
[2020.02.12-02.59.27:712][  0]LogConfig: Setting CVar [[gc.FlushStreamingOnGC:0]]
[2020.02.12-02.59.27:712][  0]LogConfig: Setting CVar [[gc.NumRetriesBeforeForcingGC:10]]
[2020.02.12-02.59.27:712][  0]LogConfig: Setting CVar [[gc.AllowParallelGC:1]]
[2020.02.12-02.59.27:712][  0]LogConfig: Setting CVar [[gc.TimeBetweenPurgingPendingKillObjects:61.1]]
[2020.02.12-02.59.27:712][  0]LogConfig: Setting CVar [[gc.MaxObjectsInEditor:25165824]]
[2020.02.12-02.59.27:712][  0]LogConfig: Setting CVar [[gc.IncrementalBeginDestroyEnabled:1]]
[2020.02.12-02.59.27:712][  0]LogConfig: Setting CVar [[gc.CreateGCClusters:1]]
[2020.02.12-02.59.27:712][  0]LogConfig: Setting CVar [[gc.MinGCClusterSize:5]]
[2020.02.12-02.59.27:712][  0]LogConfig: Setting CVar [[gc.ActorClusteringEnabled:0]]
[2020.02.12-02.59.27:712][  0]LogConfig: Setting CVar [[gc.BlueprintClusteringEnabled:0]]
[2020.02.12-02.59.27:712][  0]LogConfig: Setting CVar [[gc.UseDisregardForGCOnDedicatedServers:0]]
[2020.02.12-02.59.27:712][  0]LogConfig: Applying CVar settings from Section [/Script/Engine.NetworkSettings] File [D:/Studio2_Team6/S2T6_Project/Saved/Config/Windows/Engine.ini]
[2020.02.12-02.59.27:712][  0]LogConfig: Applying CVar settings from Section [/Script/UnrealEd.CookerSettings] File [D:/Studio2_Team6/S2T6_Project/Saved/Config/Windows/Engine.ini]
[2020.02.12-02.59.27:716][  0]LogConfig: Applying CVar settings from Section [ViewDistanceQuality@3] File [D:/Studio2_Team6/S2T6_Project/Saved/Config/Windows/Scalability.ini]
[2020.02.12-02.59.27:716][  0]LogConfig: Setting CVar [[r.SkeletalMeshLODBias:0]]
[2020.02.12-02.59.27:716][  0]LogConfig: Setting CVar [[r.ViewDistanceScale:1.0]]
[2020.02.12-02.59.27:716][  0]LogConfig: Applying CVar settings from Section [AntiAliasingQuality@3] File [D:/Studio2_Team6/S2T6_Project/Saved/Config/Windows/Scalability.ini]
[2020.02.12-02.59.27:716][  0]LogConfig: Setting CVar [[r.PostProcessAAQuality:4]]
[2020.02.12-02.59.27:716][  0]LogConfig: Applying CVar settings from Section [ShadowQuality@3] File [D:/Studio2_Team6/S2T6_Project/Saved/Config/Windows/Scalability.ini]
[2020.02.12-02.59.27:716][  0]LogConfig: Setting CVar [[r.LightFunctionQuality:1]]
[2020.02.12-02.59.27:716][  0]LogConfig: Setting CVar [[r.ShadowQuality:5]]
[2020.02.12-02.59.27:716][  0]LogConfig: Setting CVar [[r.Shadow.CSM.MaxCascades:10]]
[2020.02.12-02.59.27:716][  0]LogConfig: Setting CVar [[r.Shadow.MaxResolution:2048]]
[2020.02.12-02.59.27:716][  0]LogConfig: Setting CVar [[r.Shadow.MaxCSMResolution:2048]]
[2020.02.12-02.59.27:716][  0]LogConfig: Setting CVar [[r.Shadow.RadiusThreshold:0.01]]
[2020.02.12-02.59.27:716][  0]LogConfig: Setting CVar [[r.Shadow.DistanceScale:1.0]]
[2020.02.12-02.59.27:716][  0]LogConfig: Setting CVar [[r.Shadow.CSM.TransitionScale:1.0]]
[2020.02.12-02.59.27:716][  0]LogConfig: Setting CVar [[r.Shadow.PreShadowResolutionFactor:1.0]]
[2020.02.12-02.59.27:716][  0]LogConfig: Setting CVar [[r.DistanceFieldShadowing:1]]
[2020.02.12-02.59.27:716][  0]LogConfig: Setting CVar [[r.DistanceFieldAO:1]]
[2020.02.12-02.59.27:716][  0]LogConfig: Setting CVar [[r.AOQuality:2]]
[2020.02.12-02.59.27:716][  0]LogConfig: Setting CVar [[r.VolumetricFog:1]]
[2020.02.12-02.59.27:716][  0]LogConfig: Setting CVar [[r.VolumetricFog.GridPixelSize:8]]
[2020.02.12-02.59.27:717][  0]LogConfig: Setting CVar [[r.VolumetricFog.GridSizeZ:128]]
[2020.02.12-02.59.27:717][  0]LogConfig: Setting CVar [[r.VolumetricFog.HistoryMissSupersampleCount:4]]
[2020.02.12-02.59.27:717][  0]LogConfig: Setting CVar [[r.LightMaxDrawDistanceScale:1]]
[2020.02.12-02.59.27:717][  0]LogConfig: Setting CVar [[r.CapsuleShadows:1]]
[2020.02.12-02.59.27:717][  0]LogConfig: Applying CVar settings from Section [PostProcessQuality@3] File [D:/Studio2_Team6/S2T6_Project/Saved/Config/Windows/Scalability.ini]
[2020.02.12-02.59.27:717][  0]LogConfig: Setting CVar [[r.MotionBlurQuality:4]]
[2020.02.12-02.59.27:717][  0]LogConfig: Setting CVar [[r.AmbientOcclusionMipLevelFactor:0.4]]
[2020.02.12-02.59.27:717][  0]LogConfig: Setting CVar [[r.AmbientOcclusionMaxQuality:100]]
[2020.02.12-02.59.27:717][  0]LogConfig: Setting CVar [[r.AmbientOcclusionLevels:-1]]
[2020.02.12-02.59.27:717][  0]LogConfig: Setting CVar [[r.AmbientOcclusionRadiusScale:1.0]]
[2020.02.12-02.59.27:717][  0]LogConfig: Setting CVar [[r.DepthOfFieldQuality:2]]
[2020.02.12-02.59.27:717][  0]LogConfig: Setting CVar [[r.RenderTargetPoolMin:400]]
[2020.02.12-02.59.27:717][  0]LogConfig: Setting CVar [[r.LensFlareQuality:2]]
[2020.02.12-02.59.27:717][  0]LogConfig: Setting CVar [[r.SceneColorFringeQuality:1]]
[2020.02.12-02.59.27:717][  0]LogConfig: Setting CVar [[r.EyeAdaptationQuality:2]]
[2020.02.12-02.59.27:717][  0]LogConfig: Setting CVar [[r.BloomQuality:5]]
[2020.02.12-02.59.27:717][  0]LogConfig: Setting CVar [[r.FastBlurThreshold:100]]
[2020.02.12-02.59.27:717][  0]LogConfig: Setting CVar [[r.Upscale.Quality:3]]
[2020.02.12-02.59.27:717][  0]LogConfig: Setting CVar [[r.Tonemapper.GrainQuantization:1]]
[2020.02.12-02.59.27:717][  0]LogConfig: Setting CVar [[r.LightShaftQuality:1]]
[2020.02.12-02.59.27:717][  0]LogConfig: Setting CVar [[r.Filter.SizeScale:1]]
[2020.02.12-02.59.27:717][  0]LogConfig: Setting CVar [[r.Tonemapper.Quality:5]]
[2020.02.12-02.59.27:717][  0]LogConfig: Setting CVar [[r.DOF.Gather.AccumulatorQuality:1        ; higher gathering accumulator quality]]
[2020.02.12-02.59.27:717][  0]LogConfig: Setting CVar [[r.DOF.Gather.PostfilterMethod:1          ; Median3x3 postfilering method]]
[2020.02.12-02.59.27:717][  0]LogConfig: Setting CVar [[r.DOF.Gather.EnableBokehSettings:0       ; no bokeh simulation when gathering]]
[2020.02.12-02.59.27:717][  0]LogConfig: Setting CVar [[r.DOF.Gather.RingCount:4                 ; medium number of samples when gathering]]
[2020.02.12-02.59.27:717][  0]LogConfig: Setting CVar [[r.DOF.Scatter.ForegroundCompositing:1    ; additive foreground scattering]]
[2020.02.12-02.59.27:717][  0]LogConfig: Setting CVar [[r.DOF.Scatter.BackgroundCompositing:2    ; additive background scattering]]
[2020.02.12-02.59.27:717][  0]LogConfig: Setting CVar [[r.DOF.Scatter.EnableBokehSettings:1      ; bokeh simulation when scattering]]
[2020.02.12-02.59.27:717][  0]LogConfig: Setting CVar [[r.DOF.Scatter.MaxSpriteRatio:0.1         ; only a maximum of 10% of scattered bokeh]]
[2020.02.12-02.59.27:717][  0]LogConfig: Setting CVar [[r.DOF.Recombine.Quality:1                ; cheap slight out of focus]]
[2020.02.12-02.59.27:717][  0]LogConfig: Setting CVar [[r.DOF.Recombine.EnableBokehSettings:0    ; no bokeh simulation on slight out of focus]]
[2020.02.12-02.59.27:717][  0]LogConfig: Setting CVar [[r.DOF.TemporalAAQuality:1                ; more stable temporal accumulation]]
[2020.02.12-02.59.27:717][  0]LogConfig: Setting CVar [[r.DOF.Kernel.MaxForegroundRadius:0.025]]
[2020.02.12-02.59.27:717][  0]LogConfig: Setting CVar [[r.DOF.Kernel.MaxBackgroundRadius:0.025]]
[2020.02.12-02.59.27:717][  0]LogConfig: Applying CVar settings from Section [TextureQuality@3] File [D:/Studio2_Team6/S2T6_Project/Saved/Config/Windows/Scalability.ini]
[2020.02.12-02.59.27:717][  0]LogConfig: Setting CVar [[r.Streaming.MipBias:0]]
[2020.02.12-02.59.27:717][  0]LogConfig: Setting CVar [[r.Streaming.AmortizeCPUToGPUCopy:0]]
[2020.02.12-02.59.27:717][  0]LogConfig: Setting CVar [[r.Streaming.MaxNumTexturesToStreamPerFrame:0]]
[2020.02.12-02.59.27:717][  0]LogConfig: Setting CVar [[r.Streaming.Boost:1]]
[2020.02.12-02.59.27:717][  0]LogConfig: Setting CVar [[r.MaxAnisotropy:8]]
[2020.02.12-02.59.27:718][  0]LogConfig: Setting CVar [[r.VT.MaxAnisotropy:8]]
[2020.02.12-02.59.27:718][  0]LogConfig: Setting CVar [[r.Streaming.LimitPoolSizeToVRAM:0]]
[2020.02.12-02.59.27:718][  0]LogConfig: Setting CVar [[r.Streaming.PoolSize:1000]]
[2020.02.12-02.59.27:718][  0]LogConfig: Setting CVar [[r.Streaming.MaxEffectiveScreenSize:0]]
[2020.02.12-02.59.27:718][  0]LogConfig: Applying CVar settings from Section [EffectsQuality@3] File [D:/Studio2_Team6/S2T6_Project/Saved/Config/Windows/Scalability.ini]
[2020.02.12-02.59.27:718][  0]LogConfig: Setting CVar [[r.TranslucencyLightingVolumeDim:64]]
[2020.02.12-02.59.27:718][  0]LogConfig: Setting CVar [[r.RefractionQuality:2]]
[2020.02.12-02.59.27:718][  0]LogConfig: Setting CVar [[r.SSR.Quality:3]]
[2020.02.12-02.59.27:718][  0]LogConfig: Setting CVar [[r.SSR.HalfResSceneColor:0]]
[2020.02.12-02.59.27:718][  0]LogConfig: Setting CVar [[r.SceneColorFormat:4]]
[2020.02.12-02.59.27:718][  0]LogConfig: Setting CVar [[r.DetailMode:2]]
[2020.02.12-02.59.27:718][  0]LogConfig: Setting CVar [[r.TranslucencyVolumeBlur:1]]
[2020.02.12-02.59.27:718][  0]LogConfig: Setting CVar [[r.MaterialQualityLevel:1 ; High quality]]
[2020.02.12-02.59.27:718][  0]LogConfig: Setting CVar [[r.SSS.Scale:1]]
[2020.02.12-02.59.27:718][  0]LogConfig: Setting CVar [[r.SSS.SampleSet:2]]
[2020.02.12-02.59.27:718][  0]LogConfig: Setting CVar [[r.SSS.Quality:1]]
[2020.02.12-02.59.27:718][  0]LogConfig: Setting CVar [[r.SSS.HalfRes:1]]
[2020.02.12-02.59.27:718][  0]LogConfig: Setting CVar [[r.SSGI.Quality:3]]
[2020.02.12-02.59.27:718][  0]LogConfig: Setting CVar [[r.EmitterSpawnRateScale:1.0]]
[2020.02.12-02.59.27:718][  0]LogConfig: Setting CVar [[r.ParticleLightQuality:2]]
[2020.02.12-02.59.27:718][  0]LogConfig: Setting CVar [[r.SkyAtmosphere.AerialPerspectiveLUT.FastApplyOnOpaque:1 ; Always have FastSkyLUT 1 in this case to avoid wrong sky]]
[2020.02.12-02.59.27:718][  0]LogConfig: Setting CVar [[r.SkyAtmosphere.AerialPerspectiveLUT.SampleCountPerSlice:1]]
[2020.02.12-02.59.27:718][  0]LogConfig: Setting CVar [[r.SkyAtmosphere.AerialPerspectiveLUT.DepthResolution:16.0]]
[2020.02.12-02.59.27:718][  0]LogConfig: Setting CVar [[r.SkyAtmosphere.FastSkyLUT:1]]
[2020.02.12-02.59.27:718][  0]LogConfig: Setting CVar [[r.SkyAtmosphere.FastSkyLUT.SampleCountMin:4.0]]
[2020.02.12-02.59.27:718][  0]LogConfig: Setting CVar [[r.SkyAtmosphere.FastSkyLUT.SampleCountMax:32.0]]
[2020.02.12-02.59.27:718][  0]LogConfig: Setting CVar [[r.SkyAtmosphere.SampleCountMin:4.0]]
[2020.02.12-02.59.27:718][  0]LogConfig: Setting CVar [[r.SkyAtmosphere.SampleCountMax:32.0]]
[2020.02.12-02.59.27:718][  0]LogConfig: Setting CVar [[r.SkyAtmosphere.TransmittanceLUT.UseSmallFormat:0]]
[2020.02.12-02.59.27:718][  0]LogConfig: Setting CVar [[r.SkyAtmosphere.TransmittanceLUT.SampleCount:10.0]]
[2020.02.12-02.59.27:718][  0]LogConfig: Setting CVar [[r.SkyAtmosphere.MultiScatteringLUT.SampleCount:15.0]]
[2020.02.12-02.59.27:718][  0]LogConfig: Applying CVar settings from Section [FoliageQuality@3] File [D:/Studio2_Team6/S2T6_Project/Saved/Config/Windows/Scalability.ini]
[2020.02.12-02.59.27:718][  0]LogConfig: Setting CVar [[foliage.DensityScale:1.0]]
[2020.02.12-02.59.27:718][  0]LogConfig: Setting CVar [[grass.DensityScale:1.0]]
[2020.02.12-02.59.27:718][  0]LogConfig: Applying CVar settings from Section [ShadingQuality@3] File [D:/Studio2_Team6/S2T6_Project/Saved/Config/Windows/Scalability.ini]
[2020.02.12-02.59.27:718][  0]LogConfig: Setting CVar [[r.HairStrands.SkyLighting.SampleCount:16]]
[2020.02.12-02.59.27:718][  0]LogConfig: Setting CVar [[r.HairStrands.SkyLighting.JitterIntegration:0]]
[2020.02.12-02.59.27:718][  0]LogConfig: Setting CVar [[r.HairStrands.SkyAO.SampleCount:16]]
[2020.02.12-02.59.27:719][  0]LogInit: Selected Device Profile: [Windows]
[2020.02.12-02.59.27:719][  0]LogInit: Applying CVar settings loaded from the selected device profile: [Windows]
[2020.02.12-02.59.27:722][  0]LogHAL: Display: Platform has ~ 32 GB [34270777344 / 34359738368 / 32], which maps to Largest [LargestMinGB=32, LargerMinGB=12, DefaultMinGB=8, SmallerMinGB=6, SmallestMinGB=0)
[2020.02.12-02.59.27:722][  0]LogInit: Going up to parent DeviceProfile []
[2020.02.12-02.59.27:722][  0]LogConfig: Applying CVar settings from Section [ViewDistanceQuality@3] File [D:/Studio2_Team6/S2T6_Project/Saved/Config/Windows/Scalability.ini]
[2020.02.12-02.59.27:722][  0]LogConfig: Setting CVar [[r.SkeletalMeshLODBias:0]]
[2020.02.12-02.59.27:722][  0]LogConfig: Setting CVar [[r.ViewDistanceScale:1.0]]
[2020.02.12-02.59.27:722][  0]LogConfig: Applying CVar settings from Section [AntiAliasingQuality@3] File [D:/Studio2_Team6/S2T6_Project/Saved/Config/Windows/Scalability.ini]
[2020.02.12-02.59.27:722][  0]LogConfig: Setting CVar [[r.PostProcessAAQuality:4]]
[2020.02.12-02.59.27:722][  0]LogConfig: Applying CVar settings from Section [ShadowQuality@3] File [D:/Studio2_Team6/S2T6_Project/Saved/Config/Windows/Scalability.ini]
[2020.02.12-02.59.27:722][  0]LogConfig: Setting CVar [[r.LightFunctionQuality:1]]
[2020.02.12-02.59.27:722][  0]LogConfig: Setting CVar [[r.ShadowQuality:5]]
[2020.02.12-02.59.27:722][  0]LogConfig: Setting CVar [[r.Shadow.CSM.MaxCascades:10]]
[2020.02.12-02.59.27:722][  0]LogConfig: Setting CVar [[r.Shadow.MaxResolution:2048]]
[2020.02.12-02.59.27:722][  0]LogConfig: Setting CVar [[r.Shadow.MaxCSMResolution:2048]]
[2020.02.12-02.59.27:722][  0]LogConfig: Setting CVar [[r.Shadow.RadiusThreshold:0.01]]
[2020.02.12-02.59.27:722][  0]LogConfig: Setting CVar [[r.Shadow.DistanceScale:1.0]]
[2020.02.12-02.59.27:723][  0]LogConfig: Setting CVar [[r.Shadow.CSM.TransitionScale:1.0]]
[2020.02.12-02.59.27:723][  0]LogConfig: Setting CVar [[r.Shadow.PreShadowResolutionFactor:1.0]]
[2020.02.12-02.59.27:723][  0]LogConfig: Setting CVar [[r.DistanceFieldShadowing:1]]
[2020.02.12-02.59.27:723][  0]LogConfig: Setting CVar [[r.DistanceFieldAO:1]]
[2020.02.12-02.59.27:723][  0]LogConfig: Setting CVar [[r.AOQuality:2]]
[2020.02.12-02.59.27:723][  0]LogConfig: Setting CVar [[r.VolumetricFog:1]]
[2020.02.12-02.59.27:723][  0]LogConfig: Setting CVar [[r.VolumetricFog.GridPixelSize:8]]
[2020.02.12-02.59.27:723][  0]LogConfig: Setting CVar [[r.VolumetricFog.GridSizeZ:128]]
[2020.02.12-02.59.27:723][  0]LogConfig: Setting CVar [[r.VolumetricFog.HistoryMissSupersampleCount:4]]
[2020.02.12-02.59.27:723][  0]LogConfig: Setting CVar [[r.LightMaxDrawDistanceScale:1]]
[2020.02.12-02.59.27:723][  0]LogConfig: Setting CVar [[r.CapsuleShadows:1]]
[2020.02.12-02.59.27:723][  0]LogConfig: Applying CVar settings from Section [PostProcessQuality@3] File [D:/Studio2_Team6/S2T6_Project/Saved/Config/Windows/Scalability.ini]
[2020.02.12-02.59.27:723][  0]LogConfig: Setting CVar [[r.MotionBlurQuality:4]]
[2020.02.12-02.59.27:723][  0]LogConfig: Setting CVar [[r.AmbientOcclusionMipLevelFactor:0.4]]
[2020.02.12-02.59.27:723][  0]LogConfig: Setting CVar [[r.AmbientOcclusionMaxQuality:100]]
[2020.02.12-02.59.27:723][  0]LogConfig: Setting CVar [[r.AmbientOcclusionLevels:-1]]
[2020.02.12-02.59.27:723][  0]LogConfig: Setting CVar [[r.AmbientOcclusionRadiusScale:1.0]]
[2020.02.12-02.59.27:723][  0]LogConfig: Setting CVar [[r.DepthOfFieldQuality:2]]
[2020.02.12-02.59.27:723][  0]LogConfig: Setting CVar [[r.RenderTargetPoolMin:400]]
[2020.02.12-02.59.27:723][  0]LogConfig: Setting CVar [[r.LensFlareQuality:2]]
[2020.02.12-02.59.27:723][  0]LogConfig: Setting CVar [[r.SceneColorFringeQuality:1]]
[2020.02.12-02.59.27:723][  0]LogConfig: Setting CVar [[r.EyeAdaptationQuality:2]]
[2020.02.12-02.59.27:723][  0]LogConfig: Setting CVar [[r.BloomQuality:5]]
[2020.02.12-02.59.27:723][  0]LogConfig: Setting CVar [[r.FastBlurThreshold:100]]
[2020.02.12-02.59.27:723][  0]LogConfig: Setting CVar [[r.Upscale.Quality:3]]
[2020.02.12-02.59.27:723][  0]LogConfig: Setting CVar [[r.Tonemapper.GrainQuantization:1]]
[2020.02.12-02.59.27:723][  0]LogConfig: Setting CVar [[r.LightShaftQuality:1]]
[2020.02.12-02.59.27:723][  0]LogConfig: Setting CVar [[r.Filter.SizeScale:1]]
[2020.02.12-02.59.27:723][  0]LogConfig: Setting CVar [[r.Tonemapper.Quality:5]]
[2020.02.12-02.59.27:723][  0]LogConfig: Setting CVar [[r.DOF.Gather.AccumulatorQuality:1        ; higher gathering accumulator quality]]
[2020.02.12-02.59.27:723][  0]LogConfig: Setting CVar [[r.DOF.Gather.PostfilterMethod:1          ; Median3x3 postfilering method]]
[2020.02.12-02.59.27:723][  0]LogConfig: Setting CVar [[r.DOF.Gather.EnableBokehSettings:0       ; no bokeh simulation when gathering]]
[2020.02.12-02.59.27:723][  0]LogConfig: Setting CVar [[r.DOF.Gather.RingCount:4                 ; medium number of samples when gathering]]
[2020.02.12-02.59.27:723][  0]LogConfig: Setting CVar [[r.DOF.Scatter.ForegroundCompositing:1    ; additive foreground scattering]]
[2020.02.12-02.59.27:723][  0]LogConfig: Setting CVar [[r.DOF.Scatter.BackgroundCompositing:2    ; additive background scattering]]
[2020.02.12-02.59.27:723][  0]LogConfig: Setting CVar [[r.DOF.Scatter.EnableBokehSettings:1      ; bokeh simulation when scattering]]
[2020.02.12-02.59.27:723][  0]LogConfig: Setting CVar [[r.DOF.Scatter.MaxSpriteRatio:0.1         ; only a maximum of 10% of scattered bokeh]]
[2020.02.12-02.59.27:723][  0]LogConfig: Setting CVar [[r.DOF.Recombine.Quality:1                ; cheap slight out of focus]]
[2020.02.12-02.59.27:724][  0]LogConfig: Setting CVar [[r.DOF.Recombine.EnableBokehSettings:0    ; no bokeh simulation on slight out of focus]]
[2020.02.12-02.59.27:724][  0]LogConfig: Setting CVar [[r.DOF.TemporalAAQuality:1                ; more stable temporal accumulation]]
[2020.02.12-02.59.27:724][  0]LogConfig: Setting CVar [[r.DOF.Kernel.MaxForegroundRadius:0.025]]
[2020.02.12-02.59.27:724][  0]LogConfig: Setting CVar [[r.DOF.Kernel.MaxBackgroundRadius:0.025]]
[2020.02.12-02.59.27:724][  0]LogConfig: Applying CVar settings from Section [TextureQuality@3] File [D:/Studio2_Team6/S2T6_Project/Saved/Config/Windows/Scalability.ini]
[2020.02.12-02.59.27:724][  0]LogConfig: Setting CVar [[r.Streaming.MipBias:0]]
[2020.02.12-02.59.27:724][  0]LogConfig: Setting CVar [[r.Streaming.AmortizeCPUToGPUCopy:0]]
[2020.02.12-02.59.27:724][  0]LogConfig: Setting CVar [[r.Streaming.MaxNumTexturesToStreamPerFrame:0]]
[2020.02.12-02.59.27:724][  0]LogConfig: Setting CVar [[r.Streaming.Boost:1]]
[2020.02.12-02.59.27:724][  0]LogConfig: Setting CVar [[r.MaxAnisotropy:8]]
[2020.02.12-02.59.27:724][  0]LogConfig: Setting CVar [[r.VT.MaxAnisotropy:8]]
[2020.02.12-02.59.27:724][  0]LogConfig: Setting CVar [[r.Streaming.LimitPoolSizeToVRAM:0]]
[2020.02.12-02.59.27:724][  0]LogConfig: Setting CVar [[r.Streaming.PoolSize:1000]]
[2020.02.12-02.59.27:724][  0]LogConfig: Setting CVar [[r.Streaming.MaxEffectiveScreenSize:0]]
[2020.02.12-02.59.27:724][  0]LogConfig: Applying CVar settings from Section [EffectsQuality@3] File [D:/Studio2_Team6/S2T6_Project/Saved/Config/Windows/Scalability.ini]
[2020.02.12-02.59.27:724][  0]LogConfig: Setting CVar [[r.TranslucencyLightingVolumeDim:64]]
[2020.02.12-02.59.27:724][  0]LogConfig: Setting CVar [[r.RefractionQuality:2]]
[2020.02.12-02.59.27:724][  0]LogConfig: Setting CVar [[r.SSR.Quality:3]]
[2020.02.12-02.59.27:724][  0]LogConfig: Setting CVar [[r.SSR.HalfResSceneColor:0]]
[2020.02.12-02.59.27:724][  0]LogConfig: Setting CVar [[r.SceneColorFormat:4]]
[2020.02.12-02.59.27:724][  0]LogConfig: Setting CVar [[r.DetailMode:2]]
[2020.02.12-02.59.27:724][  0]LogConfig: Setting CVar [[r.TranslucencyVolumeBlur:1]]
[2020.02.12-02.59.27:724][  0]LogConfig: Setting CVar [[r.MaterialQualityLevel:1 ; High quality]]
[2020.02.12-02.59.27:724][  0]LogConfig: Setting CVar [[r.SSS.Scale:1]]
[2020.02.12-02.59.27:724][  0]LogConfig: Setting CVar [[r.SSS.SampleSet:2]]
[2020.02.12-02.59.27:724][  0]LogConfig: Setting CVar [[r.SSS.Quality:1]]
[2020.02.12-02.59.27:724][  0]LogConfig: Setting CVar [[r.SSS.HalfRes:1]]
[2020.02.12-02.59.27:724][  0]LogConfig: Setting CVar [[r.SSGI.Quality:3]]
[2020.02.12-02.59.27:724][  0]LogConfig: Setting CVar [[r.EmitterSpawnRateScale:1.0]]
[2020.02.12-02.59.27:724][  0]LogConfig: Setting CVar [[r.ParticleLightQuality:2]]
[2020.02.12-02.59.27:724][  0]LogConfig: Setting CVar [[r.SkyAtmosphere.AerialPerspectiveLUT.FastApplyOnOpaque:1 ; Always have FastSkyLUT 1 in this case to avoid wrong sky]]
[2020.02.12-02.59.27:724][  0]LogConfig: Setting CVar [[r.SkyAtmosphere.AerialPerspectiveLUT.SampleCountPerSlice:1]]
[2020.02.12-02.59.27:724][  0]LogConfig: Setting CVar [[r.SkyAtmosphere.AerialPerspectiveLUT.DepthResolution:16.0]]
[2020.02.12-02.59.27:724][  0]LogConfig: Setting CVar [[r.SkyAtmosphere.FastSkyLUT:1]]
[2020.02.12-02.59.27:724][  0]LogConfig: Setting CVar [[r.SkyAtmosphere.FastSkyLUT.SampleCountMin:4.0]]
[2020.02.12-02.59.27:724][  0]LogConfig: Setting CVar [[r.SkyAtmosphere.FastSkyLUT.SampleCountMax:32.0]]
[2020.02.12-02.59.27:724][  0]LogConfig: Setting CVar [[r.SkyAtmosphere.SampleCountMin:4.0]]
[2020.02.12-02.59.27:724][  0]LogConfig: Setting CVar [[r.SkyAtmosphere.SampleCountMax:32.0]]
[2020.02.12-02.59.27:724][  0]LogConfig: Setting CVar [[r.SkyAtmosphere.TransmittanceLUT.UseSmallFormat:0]]
[2020.02.12-02.59.27:724][  0]LogConfig: Setting CVar [[r.SkyAtmosphere.TransmittanceLUT.SampleCount:10.0]]
[2020.02.12-02.59.27:724][  0]LogConfig: Setting CVar [[r.SkyAtmosphere.MultiScatteringLUT.SampleCount:15.0]]
[2020.02.12-02.59.27:724][  0]LogConfig: Applying CVar settings from Section [FoliageQuality@3] File [D:/Studio2_Team6/S2T6_Project/Saved/Config/Windows/Scalability.ini]
[2020.02.12-02.59.27:724][  0]LogConfig: Setting CVar [[foliage.DensityScale:1.0]]
[2020.02.12-02.59.27:724][  0]LogConfig: Setting CVar [[grass.DensityScale:1.0]]
[2020.02.12-02.59.27:724][  0]LogConfig: Applying CVar settings from Section [ShadingQuality@3] File [D:/Studio2_Team6/S2T6_Project/Saved/Config/Windows/Scalability.ini]
[2020.02.12-02.59.27:724][  0]LogConfig: Setting CVar [[r.HairStrands.SkyLighting.SampleCount:16]]
[2020.02.12-02.59.27:724][  0]LogConfig: Setting CVar [[r.HairStrands.SkyLighting.JitterIntegration:0]]
[2020.02.12-02.59.27:724][  0]LogConfig: Setting CVar [[r.HairStrands.SkyAO.SampleCount:16]]
[2020.02.12-02.59.27:724][  0]LogConfig: Applying CVar settings from Section [Startup] File [../../../Engine/Config/ConsoleVariables.ini]
[2020.02.12-02.59.27:725][  0]LogConfig: Setting CVar [[net.UseAdaptiveNetUpdateFrequency:0]]
[2020.02.12-02.59.27:725][  0]LogConfig: Setting CVar [[p.chaos.AllowCreatePhysxBodies:1]]
[2020.02.12-02.59.27:725][  0]LogConfig: Applying CVar settings from Section [ConsoleVariables] File [D:/Studio2_Team6/S2T6_Project/Saved/Config/Windows/Engine.ini]
[2020.02.12-02.59.27:725][  0]LogInit: Computer: SYD-R102-PC10
[2020.02.12-02.59.27:725][  0]LogInit: User: ktsekaiwai
[2020.02.12-02.59.27:725][  0]LogInit: CPU Page size=4096, Cores=4
[2020.02.12-02.59.27:725][  0]LogInit: High frequency timer resolution =10.000000 MHz
[2020.02.12-02.59.27:725][  0]LogMemory: Memory total: Physical=31.9GB (32GB approx)
[2020.02.12-02.59.27:725][  0]LogMemory: Platform Memory Stats for Windows
[2020.02.12-02.59.27:725][  0]LogMemory: Process Physical Memory: 105.41 MB used, 105.41 MB peak
[2020.02.12-02.59.27:725][  0]LogMemory: Process Virtual Memory: 100.87 MB used, 100.87 MB peak
[2020.02.12-02.59.27:725][  0]LogMemory: Physical Memory: 9907.10 MB used,  22776.06 MB free, 32683.16 MB total
[2020.02.12-02.59.27:725][  0]LogMemory: Virtual Memory: 5138.30 MB used,  134212592.00 MB free, 134217728.00 MB total
[2020.02.12-02.59.27:730][  0]LogWindows: WindowsPlatformFeatures enabled
[2020.02.12-02.59.27:762][  0]LogInit: Using OS detected language (en-US).
[2020.02.12-02.59.27:762][  0]LogInit: Using OS detected locale (en-AU).
[2020.02.12-02.59.27:764][  0]LogTextLocalizationManager: No specific localization for 'en-US' exists, so the 'en' localization will be used.
[2020.02.12-02.59.28:007][  0]LogInit: Setting process to per monitor DPI aware
[2020.02.12-02.59.28:035][  0]LogSlate: New Slate User Created.  User Index 0, Is Virtual User: 0
[2020.02.12-02.59.28:035][  0]LogSlate: Slate User Registered.  User Index 0, Is Virtual User: 0
[2020.02.12-02.59.28:238][  0]LogHMD: Failed to initialize OpenVR with code 110
[2020.02.12-02.59.28:238][  0]LogD3D11RHI: D3D11 min allowed feature level: 11_0
[2020.02.12-02.59.28:238][  0]LogD3D11RHI: D3D11 max allowed feature level: 11_0
[2020.02.12-02.59.28:238][  0]LogD3D11RHI: D3D11 adapters:
[2020.02.12-02.59.28:322][  0]LogD3D11RHI:    0. 'NVIDIA GeForce GTX 980' (Feature Level 11_0)
[2020.02.12-02.59.28:322][  0]LogD3D11RHI:       4053/0/16341 MB DedicatedVideo/DedicatedSystem/SharedSystem, Outputs:1, VendorId:0x10de
[2020.02.12-02.59.28:325][  0]LogD3D11RHI:    1. 'Microsoft Basic Render Driver' (Feature Level 11_0)
[2020.02.12-02.59.28:325][  0]LogD3D11RHI:       0/0/16341 MB DedicatedVideo/DedicatedSystem/SharedSystem, Outputs:0, VendorId:0x1414
[2020.02.12-02.59.28:325][  0]LogD3D11RHI: Chosen D3D11 Adapter: 0
[2020.02.12-02.59.28:335][  0]LogD3D11RHI: Creating new Direct3DDevice
[2020.02.12-02.59.28:336][  0]LogD3D11RHI:     GPU DeviceId: 0x13c0 (for the marketing name, search the web for "GPU Device Id")
[2020.02.12-02.59.28:336][  0]LogWindows: EnumDisplayDevices:
[2020.02.12-02.59.28:336][  0]LogWindows:    0. 'NVIDIA GeForce GTX 980' (P:1 D:1)
[2020.02.12-02.59.28:337][  0]LogWindows:    1. 'NVIDIA GeForce GTX 980' (P:0 D:0)
[2020.02.12-02.59.28:337][  0]LogWindows:    2. 'NVIDIA GeForce GTX 980' (P:0 D:0)
[2020.02.12-02.59.28:338][  0]LogWindows:    3. 'NVIDIA GeForce GTX 980' (P:0 D:0)
[2020.02.12-02.59.28:338][  0]LogWindows: DebugString: FoundDriverCount:4 
[2020.02.12-02.59.28:338][  0]LogD3D11RHI:     Adapter Name: NVIDIA GeForce GTX 980
[2020.02.12-02.59.28:338][  0]LogD3D11RHI:   Driver Version: 441.87 (internal:26.21.14.4187, unified:441.87)
[2020.02.12-02.59.28:338][  0]LogD3D11RHI:      Driver Date: 12-24-2019
[2020.02.12-02.59.28:338][  0]LogRHI: Texture pool is 2837 MB (70% of 4053 MB)
[2020.02.12-02.59.28:391][  0]LogD3D11RHI: RHI has support for 64 bit atomics
[2020.02.12-02.59.28:391][  0]LogD3D11RHI: Async texture creation enabled
[2020.02.12-02.59.28:407][  0]LogD3D11RHI: GPU Timing Frequency: 1000.000000 (Debug: 2 1)
[2020.02.12-02.59.28:847][  0]LogTargetPlatformManager: Display: Loaded TargetPlatform 'AllDesktop'
[2020.02.12-02.59.28:890][  0]LogTargetPlatformManager: Display: Loaded TargetPlatform 'Android'
[2020.02.12-02.59.28:890][  0]LogTargetPlatformManager: Display: Loaded TargetPlatform 'Android_ASTC'
[2020.02.12-02.59.28:890][  0]LogTargetPlatformManager: Display: Loaded TargetPlatform 'Android_ATC'
[2020.02.12-02.59.28:890][  0]LogTargetPlatformManager: Display: Loaded TargetPlatform 'Android_DXT'
[2020.02.12-02.59.28:890][  0]LogTargetPlatformManager: Display: Loaded TargetPlatform 'Android_ETC1'
[2020.02.12-02.59.28:890][  0]LogTargetPlatformManager: Display: Loaded TargetPlatform 'Android_ETC1a'
[2020.02.12-02.59.28:890][  0]LogTargetPlatformManager: Display: Loaded TargetPlatform 'Android_ETC2'
[2020.02.12-02.59.28:890][  0]LogTargetPlatformManager: Display: Loaded TargetPlatform 'Android_PVRTC'
[2020.02.12-02.59.28:890][  0]LogTargetPlatformManager: Display: Loaded TargetPlatform 'AndroidClient'
[2020.02.12-02.59.28:890][  0]LogTargetPlatformManager: Display: Loaded TargetPlatform 'Android_ASTCClient'
[2020.02.12-02.59.28:890][  0]LogTargetPlatformManager: Display: Loaded TargetPlatform 'Android_ATCClient'
[2020.02.12-02.59.28:890][  0]LogTargetPlatformManager: Display: Loaded TargetPlatform 'Android_DXTClient'
[2020.02.12-02.59.28:890][  0]LogTargetPlatformManager: Display: Loaded TargetPlatform 'Android_ETC1Client'
[2020.02.12-02.59.28:890][  0]LogTargetPlatformManager: Display: Loaded TargetPlatform 'Android_ETC1aClient'
[2020.02.12-02.59.28:890][  0]LogTargetPlatformManager: Display: Loaded TargetPlatform 'Android_ETC2Client'
[2020.02.12-02.59.28:890][  0]LogTargetPlatformManager: Display: Loaded TargetPlatform 'Android_PVRTCClient'
[2020.02.12-02.59.28:890][  0]LogTargetPlatformManager: Display: Loaded TargetPlatform 'Android_Multi'
[2020.02.12-02.59.28:890][  0]LogTargetPlatformManager: Display: Loaded TargetPlatform 'Android_MultiClient'
[2020.02.12-02.59.28:914][  0]LogTargetPlatformManager: Display: Loaded TargetPlatform 'IOSClient'
[2020.02.12-02.59.28:914][  0]LogTargetPlatformManager: Display: Loaded TargetPlatform 'IOS'
[2020.02.12-02.59.28:927][  0]LogTargetPlatformManager: Display: Loaded TargetPlatform 'LinuxNoEditor'
[2020.02.12-02.59.28:938][  0]LogTargetPlatformManager: Display: Loaded TargetPlatform 'LinuxClient'
[2020.02.12-02.59.28:950][  0]LogTargetPlatformManager: Display: Loaded TargetPlatform 'LinuxServer'
[2020.02.12-02.59.28:957][  0]LogTargetPlatformManager: Display: Loaded TargetPlatform 'LinuxAArch64NoEditor'
[2020.02.12-02.59.28:964][  0]LogTargetPlatformManager: Display: Loaded TargetPlatform 'LinuxAArch64Client'
[2020.02.12-02.59.28:974][  0]LogTargetPlatformManager: Display: Loaded TargetPlatform 'LinuxAArch64Server'
[2020.02.12-02.59.29:000][  0]LogTargetPlatformManager: Display: Loaded TargetPlatform 'Lumin'
[2020.02.12-02.59.29:000][  0]LogTargetPlatformManager: Display: Loaded TargetPlatform 'LuminClient'
[2020.02.12-02.59.29:015][  0]LogTargetPlatformManager: Display: Loaded TargetPlatform 'TVOSClient'
[2020.02.12-02.59.29:016][  0]LogTargetPlatformManager: Display: Loaded TargetPlatform 'TVOS'
[2020.02.12-02.59.29:023][  0]LogTargetPlatformManager: Display: Loaded TargetPlatform 'WindowsNoEditor'
[2020.02.12-02.59.29:033][  0]LogTargetPlatformManager: Display: Loaded TargetPlatform 'Windows'
[2020.02.12-02.59.29:040][  0]LogTargetPlatformManager: Display: Loaded TargetPlatform 'WindowsClient'
[2020.02.12-02.59.29:047][  0]LogTargetPlatformManager: Display: Loaded TargetPlatform 'WindowsServer'
[2020.02.12-02.59.29:047][  0]LogTargetPlatformManager: Display: Building Assets For Windows
[2020.02.12-02.59.29:052][  0]LogAudioDebug: Display: Lib vorbis DLL was dynamically loaded.
[2020.02.12-02.59.29:078][  0]LogShaderCompilers: Guid format shader working directory is 21 characters bigger than the processId version (D:/Studio2_Team6/S2T6_Project/Intermediate/Shaders/WorkingDirectory/12276/).
[2020.02.12-02.59.29:078][  0]LogShaderCompilers: Cleaned the shader compiler working directory 'C:/Users/ktsekaiwai/AppData/Local/Temp/UnrealShaderWorkingDir/275162254492CCC1232DF0952471501F/'.
[2020.02.12-02.59.29:079][  0]LogShaderCompilers: Display: Using XGE Shader Compiler (Interception Interface).
[2020.02.12-02.59.29:980][  0]LogDerivedDataCache: Display: Max Cache Size: 512 MB
[2020.02.12-02.59.30:037][  0]LogDerivedDataCache: Loaded boot cache 0.06s 78MB C:/Users/ktsekaiwai/AppData/Local/UnrealEngine/4.24/DerivedDataCache/Boot.ddc.
[2020.02.12-02.59.30:037][  0]LogDerivedDataCache: Display: Loaded Boot cache: C:/Users/ktsekaiwai/AppData/Local/UnrealEngine/4.24/DerivedDataCache/Boot.ddc
[2020.02.12-02.59.30:037][  0]LogDerivedDataCache: FDerivedDataBackendGraph:  Pak pak cache file D:/Studio2_Team6/S2T6_Project/DerivedDataCache/DDC.ddp not found, will not use a pak cache.
[2020.02.12-02.59.30:037][  0]LogDerivedDataCache: Unable to find inner node Pak for hierarchical cache Hierarchy.
[2020.02.12-02.59.30:037][  0]LogDerivedDataCache: FDerivedDataBackendGraph:  CompressedPak pak cache file D:/Studio2_Team6/S2T6_Project/DerivedDataCache/Compressed.ddp not found, will not use a pak cache.
[2020.02.12-02.59.30:037][  0]LogDerivedDataCache: Unable to find inner node CompressedPak for hierarchical cache Hierarchy.
[2020.02.12-02.59.30:049][  0]LogDerivedDataCache: Display: Pak cache opened for reading ../../../Engine/DerivedDataCache/Compressed.ddp.
[2020.02.12-02.59.30:049][  0]LogDerivedDataCache: FDerivedDataBackendGraph:  EnterprisePak pak cache file ../../../Enterprise/DerivedDataCache/Compressed.ddp not found, will not use a pak cache.
[2020.02.12-02.59.30:049][  0]LogDerivedDataCache: Unable to find inner node EnterprisePak for hierarchical cache Hierarchy.
[2020.02.12-02.59.30:051][  0]LogDerivedDataCache: Using Local data cache path C:/Users/ktsekaiwai/AppData/Local/UnrealEngine/Common/DerivedDataCache: Writable
[2020.02.12-02.59.30:051][  0]LogDerivedDataCache: Shared data cache path not found in *engine.ini, will not use an Shared cache.
[2020.02.12-02.59.30:051][  0]LogDerivedDataCache: Unable to find inner node Shared for hierarchical cache Hierarchy.
[2020.02.12-02.59.30:081][  0]LogMaterial: Verifying Global Shaders for PCD3D_SM5
[2020.02.12-02.59.30:085][  0]LogSlate: Using FreeType 2.10.0
[2020.02.12-02.59.30:085][  0]LogSlate: SlateFontServices - WITH_FREETYPE: 1, WITH_HARFBUZZ: 1
[2020.02.12-02.59.30:152][  0]LogAssetRegistry: FAssetRegistry took 0.0037 seconds to start up
[2020.02.12-02.59.30:522][  0]LogInit: Selected Device Profile: [Windows]
[2020.02.12-02.59.30:714][  0]LogMeshReduction: Using QuadricMeshReduction for automatic static mesh reduction
[2020.02.12-02.59.30:714][  0]LogMeshReduction: Using SimplygonMeshReduction for automatic skeletal mesh reduction
[2020.02.12-02.59.30:714][  0]LogMeshReduction: Using ProxyLODMeshReduction for automatic mesh merging
[2020.02.12-02.59.30:714][  0]LogMeshReduction: No distributed automatic mesh merging module available
[2020.02.12-02.59.30:714][  0]LogMeshMerging: No distributed automatic mesh merging module available
[2020.02.12-02.59.30:727][  0]LogNetVersion: S2T6_Project 1.0.0, NetCL: 10570792, EngineNetVer: 13, GameNetVer: 0 (Checksum: 2277627055)
[2020.02.12-02.59.32:161][  0]LogPackageLocalizationCache: Processed 10 localized package path(s) for 1 prioritized culture(s) in 0.046055 seconds
[2020.02.12-02.59.32:172][  0]LogUObjectArray: 46750 objects as part of root set at end of initial load.
[2020.02.12-02.59.32:172][  0]LogUObjectAllocator: 8137160 out of 0 bytes used by permanent object pool.
[2020.02.12-02.59.32:172][  0]LogUObjectArray: CloseDisregardForGC: 0/0 objects in disregard for GC pool
[2020.02.12-02.59.32:685][  0]LogTcpMessaging: Initializing TcpMessaging bridge
[2020.02.12-02.59.32:689][  0]LogUdpMessaging: Initializing bridge on interface 0.0.0.0:0 to multicast group 230.0.0.1:6666.
[2020.02.12-02.59.32:757][  0]SourceControl: Source control is disabled
[2020.02.12-02.59.32:757][  0]SourceControl: Source control is disabled
[2020.02.12-02.59.32:759][  0]SourceControl: Source control is disabled
[2020.02.12-02.59.32:760][  0]SourceControl: Source control is disabled
[2020.02.12-02.59.32:761][  0]SourceControl: Source control is disabled
[2020.02.12-02.59.32:858][  0]LogAndroidPermission: UAndroidPermissionCallbackProxy::GetInstance
[2020.02.12-02.59.32:874][  0]LogAudioCaptureCore: Display: No Audio Capture implementations found. Audio input will be silent.
[2020.02.12-02.59.32:874][  0]LogAudioCaptureCore: Display: No Audio Capture implementations found. Audio input will be silent.
[2020.02.12-02.59.32:988][  0]LogOcInput: OculusInput pre-init called
[2020.02.12-02.59.32:996][  0]LogWindows: Failed to load 'OVRPlugin.dll' (GetLastError=126)
[2020.02.12-02.59.32:996][  0]LogWindows: File 'OVRPlugin.dll' does not exist
[2020.02.12-02.59.33:083][  0]LogEngine: Initializing Engine...
[2020.02.12-02.59.33:084][  0]LogHMD: Failed to initialize OpenVR with code 110
[2020.02.12-02.59.33:085][  0]LogStats: UGameplayTagsManager::InitializeManager -  0.000 s
[2020.02.12-02.59.33:503][  0]LogInit: Initializing FReadOnlyCVARCache
[2020.02.12-02.59.33:512][  0]LogAIModule: Creating AISystem for world Untitled
[2020.02.12-02.59.33:534][  0]LogAudioMixer: Display: Audio Mixer Platform Settings:
[2020.02.12-02.59.33:534][  0]LogAudioMixer: Display: 	Sample Rate:						  48000
[2020.02.12-02.59.33:534][  0]LogAudioMixer: Display: 	Callback Buffer Frame Size Requested: 1024
[2020.02.12-02.59.33:534][  0]LogAudioMixer: Display: 	Callback Buffer Frame Size To Use:	  1024
[2020.02.12-02.59.33:534][  0]LogAudioMixer: Display: 	Number of buffers to queue:			  2
[2020.02.12-02.59.33:534][  0]LogAudioMixer: Display: 	Max Channels (voices):				  32
[2020.02.12-02.59.33:534][  0]LogAudioMixer: Display: 	Number of Async Source Workers:		  0
[2020.02.12-02.59.33:534][  0]LogAudio: Display: AudioDevice MaxSources: 32
[2020.02.12-02.59.33:535][  0]LogAudio: Display: Using built-in audio occlusion.
[2020.02.12-02.59.33:535][  0]LogAudioMixer: Display: Initializing audio mixer.
[2020.02.12-02.59.33:604][  0]LogAudioMixer: Display: Audio Device Output Speaker Info:
[2020.02.12-02.59.33:604][  0]LogAudioMixer: Display: Name: Headphones (High Definition Audio Device)
[2020.02.12-02.59.33:604][  0]LogAudioMixer: Display: Is Default: Yes
[2020.02.12-02.59.33:604][  0]LogAudioMixer: Display: Sample Rate: 48000
[2020.02.12-02.59.33:604][  0]LogAudioMixer: Display: Channel Count Used: 2
[2020.02.12-02.59.33:604][  0]LogAudioMixer: Display: Device Channel Count: 2
[2020.02.12-02.59.33:604][  0]LogAudioMixer: Display: Channel Order:
[2020.02.12-02.59.33:604][  0]LogAudioMixer: Display: 0: FrontLeft
[2020.02.12-02.59.33:604][  0]LogAudioMixer: Display: 1: FrontRight
[2020.02.12-02.59.33:644][  0]LogAudioMixer: Display: Using Audio Device Headphones (High Definition Audio Device)
[2020.02.12-02.59.33:650][  0]LogInit: FAudioDevice initialized.
[2020.02.12-02.59.33:651][  0]LogNetVersion: Set ProjectVersion to 1.0.0.0. Version Checksum will be recalculated on next use.
[2020.02.12-02.59.33:731][  0]LogDerivedDataCache: Saved boot cache 0.08s 78MB C:/Users/ktsekaiwai/AppData/Local/UnrealEngine/4.24/DerivedDataCache/Boot.ddc.
[2020.02.12-02.59.33:732][  0]LogInit: Texture streaming: Enabled
[2020.02.12-02.59.33:744][  0]LogEngineSessionManager: EngineSessionManager initialized
[2020.02.12-02.59.33:744][  0]LogEditorSessionSummary: Verbose: Initializing EditorSessionSummaryWriter for editor session tracking
[2020.02.12-02.59.33:746][  0]LogEditorSessionSummary: EditorSessionSummaryWriter initialized
[2020.02.12-02.59.33:789][  0]LogInit: Transaction tracking system initialized
[2020.02.12-02.59.33:800][  0]BlueprintLog: New page: Editor Load
[2020.02.12-02.59.33:839][  0]LocalizationService: Localization service is disabled
[2020.02.12-02.59.34:210][  0]LogFileCache: Scanning file cache for directory 'D:/Studio2_Team6/S2T6_Project/Content/' took 0.01s
[2020.02.12-02.59.34:210][  0]LogCook: Display: Max memory allowance for cook 16384mb min free memory 0mb
[2020.02.12-02.59.34:210][  0]LogCook: Display: Mobile HDR setting 1
[2020.02.12-02.59.35:055][  0]SourceControl: Source control is disabled
[2020.02.12-02.59.35:055][  0]Cmd: MAP LOAD FILE="D:/Studio2_Team6/S2T6_Project/Content/ThirdPersonBP/Maps/ThirdPersonExampleMap.umap" TEMPLATE=0 SHOWPROGRESS=1 FEATURELEVEL=3
[2020.02.12-02.59.35:055][  0]LightingResults: New page: Lighting Build
[2020.02.12-02.59.35:056][  0]LogWorld: UWorld::CleanupWorld for Untitled, bSessionEnded=true, bCleanupResources=true
[2020.02.12-02.59.35:056][  0]LogSlate: InvalidateAllWidgets triggered.  All widgets were invalidated
[2020.02.12-02.59.35:056][  0]MapCheck: New page: Map Check
[2020.02.12-02.59.35:056][  0]LightingResults: New page: Lighting Build
[2020.02.12-02.59.35:084][  0]LogUObjectHash: Compacting FUObjectHashTables data took   2.56ms
[2020.02.12-02.59.35:438][  0]LogAIModule: Creating AISystem for world ThirdPersonExampleMap
[2020.02.12-02.59.35:447][  0]LogEditorServer: Finished looking for orphan Actors (0.000 secs)
[2020.02.12-02.59.35:477][  0]LogUObjectHash: Compacting FUObjectHashTables data took   3.08ms
[2020.02.12-02.59.35:477][  0]Cmd: MAP CHECKDEP NOCLEARLOG
[2020.02.12-02.59.35:477][  0]MapCheck: Map check complete: 0 Error(s), 0 Warning(s), took 0.098ms to complete.
[2020.02.12-02.59.35:477][  0]LogFileHelpers: Loading map 'ThirdPersonExampleMap' took 0.422
[2020.02.12-02.59.35:629][  0]LogSlate: Updating window title bar state: overlay mode, drag disabled, window buttons hidden, title bar hidden
[2020.02.12-02.59.35:638][  0]LogSlate: Updating window title bar state: overlay mode, drag disabled, window buttons hidden, title bar hidden
[2020.02.12-02.59.35:648][  0]LogSlate: Updating window title bar state: overlay mode, drag disabled, window buttons hidden, title bar hidden
[2020.02.12-02.59.35:658][  0]LogSlate: Updating window title bar state: overlay mode, drag disabled, window buttons hidden, title bar hidden
[2020.02.12-02.59.35:666][  0]LogCollectionManager: Loaded 0 collections in 0.002799 seconds
[2020.02.12-02.59.35:683][  0]LogFileCache: Scanning file cache for directory 'D:/Studio2_Team6/S2T6_Project/Saved/Collections/' took 0.00s
[2020.02.12-02.59.35:683][  0]LogFileCache: Scanning file cache for directory 'D:/Studio2_Team6/S2T6_Project/Content/Developers/ktsekaiwai/Collections/' took 0.00s
[2020.02.12-02.59.35:683][  0]LogFileCache: Scanning file cache for directory 'D:/Studio2_Team6/S2T6_Project/Content/Collections/' took 0.00s
[2020.02.12-02.59.35:683][  0]LogContentBrowser: Native class hierarchy populated in 0.0124 seconds. Added 3015 classes and 717 folders.
[2020.02.12-02.59.35:686][  0]LogContentBrowser: Native class hierarchy updated for 'WidgetCarousel' in 0.0002 seconds. Added 0 classes and 0 folders.
[2020.02.12-02.59.35:767][  0]LogContentBrowser: Native class hierarchy updated for 'AddContentDialog' in 0.0002 seconds. Added 0 classes and 0 folders.
[2020.02.12-02.59.35:770][  0]LogContentBrowser: Native class hierarchy updated for 'SceneOutliner' in 0.0002 seconds. Added 2 classes and 3 folders.
[2020.02.12-02.59.35:817][  0]LogSlate: Took 0.000204 seconds to synchronously load lazily loaded font '../../../Engine/Content/Slate/Fonts/Roboto-Regular.ttf' (155K)
[2020.02.12-02.59.35:819][  0]LogSlate: Took 0.000146 seconds to synchronously load lazily loaded font '../../../Engine/Content/Slate/Fonts/Roboto-Bold.ttf' (160K)
[2020.02.12-02.59.35:823][  0]LogSlate: Took 0.000155 seconds to synchronously load lazily loaded font '../../../Engine/Content/Editor/Slate/Fonts/FontAwesome.ttf' (139K)
[2020.02.12-02.59.35:912][  0]LogRenderer: Reallocating scene render targets to support 1616x808 Format 10 NumSamples 1 (Frame:1).
[2020.02.12-02.59.36:037][  0]LogContentBrowser: Native class hierarchy updated for 'HierarchicalLODOutliner' in 0.0003 seconds. Added 0 classes and 0 folders.
[2020.02.12-02.59.36:038][  0]LogLoad: (Engine Initialization) Total time: 10.77 seconds
[2020.02.12-02.59.36:038][  0]LogLoad: (Engine Initialization) Total Blueprint compile time: 0.00 seconds
[2020.02.12-02.59.36:098][  0]LogAssetRegistry: Asset discovery search completed in 5.9475 seconds
[2020.02.12-02.59.36:103][  0]LogCollectionManager: Fixed up redirectors for 0 collections in 0.000014 seconds (updated 0 objects)
[2020.02.12-02.59.36:105][  0]LogContentStreaming: Texture pool size now 1000 MB
[2020.02.12-03.00.00:699][285]LogEditorViewport: Clicking on Actor (LMB): ThirdPersonCharacter_C (ThirdPersonCharacter)
[2020.02.12-03.00.02:065][374]LogSlate: Took 0.000143 seconds to synchronously load lazily loaded font '../../../Engine/Content/Slate/Fonts/Roboto-Light.ttf' (167K)
[2020.02.12-03.00.02:075][374]LogAssetEditorSubsystem: Opening Asset editor for Blueprint /Game/ThirdPersonBP/Blueprints/ThirdPersonCharacter.ThirdPersonCharacter
[2020.02.12-03.00.02:307][374]LogContentBrowser: Native class hierarchy updated for 'BlueprintGraph' in 0.0005 seconds. Added 121 classes and 0 folders.
[2020.02.12-03.00.03:472][374]LogSlate: Took 0.000207 seconds to synchronously load lazily loaded font '../../../Engine/Content/Slate/Fonts/Roboto-BoldCondensed.ttf' (158K)
[2020.02.12-03.00.03:615][375]LogSlate: Took 0.001076 seconds to synchronously load lazily loaded font '../../../Engine/Content/Slate/Fonts/Roboto-Italic.ttf' (157K)
[2020.02.12-03.00.37:224][935]LogSlate: Prevented a slow task dialog from being summoned while a context menu was open
[2020.02.12-03.01.25:999][449]LogSlate: Window 'ThirdPersonCharacter' being destroyed
[2020.02.12-03.01.32:245][969]LogEditorTransaction: Undo Add New Function
[2020.02.12-03.01.53:788][805]LogSlate: Took 0.002475 seconds to synchronously load lazily loaded font '../../../Engine/Content/Slate/Fonts/Roboto-BoldCondensedItalic.ttf' (160K)
[2020.02.12-03.02.01:407][646]BlueprintLog: New page: Compile ThirdPersonCharacter
[2020.02.12-03.02.01:746][646]LogUObjectHash: Compacting FUObjectHashTables data took   5.03ms
[2020.02.12-03.05.03:168][968]BlueprintLog: New page: Compile ThirdPersonCharacter
[2020.02.12-03.05.03:516][968]LogUObjectHash: Compacting FUObjectHashTables data took   4.57ms
[2020.02.12-03.05.52:447][149]LogSlate: Window 'Pick Parent Class' being destroyed
[2020.02.12-03.06.01:645][845]LogAssetEditorSubsystem: Opening Asset editor for Blueprint /Game/QuickTimeEvents/QTE_Library.QTE_Library
[2020.02.12-03.11.45:793][262]BlueprintLog: New page: Compile ThirdPersonCharacter
[2020.02.12-03.11.46:170][262]LogUObjectHash: Compacting FUObjectHashTables data took   4.11ms
[2020.02.12-03.16.09:407][786]BlueprintLog: New page: Collapse to Macro
[2020.02.12-03.16.10:888][960]LogEditorTransaction: Undo Convert Collapse Graph to Macro
[2020.02.12-03.16.26:038][287]BlueprintLog: New page: Collapse to Macro
[2020.02.12-03.16.31:455][888]LogEditorTransaction: Undo Delete current selection
[2020.02.12-03.16.31:904][901]LogEditorTransaction: Undo Move Node
[2020.02.12-03.16.32:303][946]LogEditorTransaction: Undo Convert Collapse Graph to Macro
[2020.02.12-03.16.42:836][194]LogEditorTransaction: Undo Rename Parameter
[2020.02.12-03.16.43:372][209]LogEditorTransaction: Undo Change Parameter Type
[2020.02.12-03.16.43:772][253]LogEditorTransaction: Undo Add In Parameter
[2020.02.12-03.16.44:152][297]LogEditorTransaction: Undo Collapses selected nodes into a single node
[2020.02.12-03.20.55:606][ 82]BlueprintLog: New page: Compile ThirdPersonCharacter
[2020.02.12-03.20.55:972][ 82]LogUObjectHash: Compacting FUObjectHashTables data took   4.17ms
[2020.02.12-03.20.56:064][ 82]Cmd: OBJ SAVEPACKAGE PACKAGE="/Game/ThirdPersonBP/Blueprints/ThirdPersonCharacter" FILE="D:/Studio2_Team6/S2T6_Project/Content/ThirdPersonBP/Blueprints/ThirdPersonCharacter.uasset" SILENT=true
[2020.02.12-03.20.56:098][ 82]LogSavePackage: Moving 'D:/Studio2_Team6/S2T6_Project/Saved/ThirdPersonCharacterF2C62FB94AAE209DD6405E8719A6698A.tmp' to 'D:/Studio2_Team6/S2T6_Project/Content/ThirdPersonBP/Blueprints/ThirdPersonCharacter.uasset'
[2020.02.12-03.20.56:116][ 82]AssetCheck: New page: Asset Save: ThirdPersonCharacter
[2020.02.12-03.20.56:116][ 82]LogContentValidation: Display: Validating Blueprint /Game/ThirdPersonBP/Blueprints/ThirdPersonCharacter.ThirdPersonCharacter
[2020.02.12-03.27.16:625][ 57]BlueprintLog: New page: Compile ThirdPersonCharacter
[2020.02.12-03.27.17:020][ 57]LogUObjectHash: Compacting FUObjectHashTables data took   5.17ms
[2020.02.12-03.28.36:518][230]BlueprintLog: New page: Compile ThirdPersonCharacter
[2020.02.12-03.28.36:903][230]LogUObjectHash: Compacting FUObjectHashTables data took   4.88ms
[2020.02.12-03.28.40:764][629]BlueprintLog: New page: Compile ThirdPersonCharacter
[2020.02.12-03.28.41:134][629]LogUObjectHash: Compacting FUObjectHashTables data took   5.56ms
[2020.02.12-03.31.21:963][950]LogEditorTransaction: Undo Break Pin Links
[2020.02.12-03.34.59:644][507]Cmd: OBJ SAVEPACKAGE PACKAGE="/Game/QuickTimeEvents/QTE_Library" FILE="D:/Studio2_Team6/S2T6_Project/Content/QuickTimeEvents/QTE_Library.uasset" SILENT=true
[2020.02.12-03.34.59:670][507]LogSavePackage: Moving 'D:/Studio2_Team6/S2T6_Project/Saved/QTE_Library4D5A0B4A454438E65076A59221F81F8A.tmp' to 'D:/Studio2_Team6/S2T6_Project/Content/QuickTimeEvents/QTE_Library.uasset'
[2020.02.12-03.34.59:694][507]AssetCheck: New page: Asset Save: QTE_Library
[2020.02.12-03.34.59:694][507]LogContentValidation: Display: Validating Blueprint /Game/QuickTimeEvents/QTE_Library.QTE_Library
[2020.02.12-03.35.02:091][762]LogUObjectHash: Compacting FUObjectHashTables data took   5.73ms
[2020.02.12-03.35.02:146][762]LogUObjectHash: Compacting FUObjectHashTables data took   1.22ms
[2020.02.12-03.35.02:470][762]LogSavePackage: Moving 'D:/Studio2_Team6/S2T6_Project/Saved/ThirdPersonExampleMap2A623CFD4AB5247ADC16DAB09EDBB691.tmp' to 'D:/Studio2_Team6/S2T6_Project/Content/ThirdPersonBP/Maps/ThirdPersonExampleMap.umap'
[2020.02.12-03.35.02:497][762]LogFileHelpers: Saving map 'ThirdPersonExampleMap' took 0.386
[2020.02.12-03.35.02:511][762]Cmd: OBJ SAVEPACKAGE PACKAGE="/Game/ThirdPersonBP/Blueprints/ThirdPersonCharacter" FILE="D:/Studio2_Team6/S2T6_Project/Content/ThirdPersonBP/Blueprints/ThirdPersonCharacter.uasset" SILENT=true
[2020.02.12-03.35.02:603][762]LogSavePackage: Moving 'D:/Studio2_Team6/S2T6_Project/Saved/ThirdPersonCharacter6E200A3F455AC62C9F0D6F95B78EB8C7.tmp' to 'D:/Studio2_Team6/S2T6_Project/Content/ThirdPersonBP/Blueprints/ThirdPersonCharacter.uasset'
[2020.02.12-03.35.02:627][762]AssetCheck: New page: Asset Save: multiple assets
[2020.02.12-03.35.02:627][762]LogContentValidation: Display: Validating World /Game/ThirdPersonBP/Maps/ThirdPersonExampleMap.ThirdPersonExampleMap
[2020.02.12-03.35.02:627][762]LogContentValidation: Display: Validating Blueprint /Game/ThirdPersonBP/Blueprints/ThirdPersonCharacter.ThirdPersonCharacter
[2020.02.12-03.37.23:332][690]BlueprintLog: New page: Compile ThirdPersonCharacter
[2020.02.12-03.37.23:775][690]LogUObjectHash: Compacting FUObjectHashTables data took   5.01ms
[2020.02.12-03.38.37:406][406]Cmd: OBJ SAVEPACKAGE PACKAGE="/Game/QuickTimeEvents/QTE_Library" FILE="D:/Studio2_Team6/S2T6_Project/Content/QuickTimeEvents/QTE_Library.uasset" SILENT=true
[2020.02.12-03.38.37:433][406]LogSavePackage: Moving 'D:/Studio2_Team6/S2T6_Project/Saved/QTE_Library9C36A05947C9F40361D15BBEA307058A.tmp' to 'D:/Studio2_Team6/S2T6_Project/Content/QuickTimeEvents/QTE_Library.uasset'
[2020.02.12-03.38.37:457][406]AssetCheck: New page: Asset Save: QTE_Library
[2020.02.12-03.38.37:457][406]LogContentValidation: Display: Validating Blueprint /Game/QuickTimeEvents/QTE_Library.QTE_Library
[2020.02.12-03.38.38:034][465]LogWorld: UWorld::CleanupWorld for World_3, bSessionEnded=true, bCleanupResources=true
[2020.02.12-03.38.38:034][465]LogSlate: InvalidateAllWidgets triggered.  All widgets were invalidated
[2020.02.12-03.45.08:320][283]LogUObjectHash: Compacting FUObjectHashTables data took   5.01ms
[2020.02.12-03.45.08:383][283]LogUObjectHash: Compacting FUObjectHashTables data took   0.89ms
[2020.02.12-03.45.08:661][283]LogSavePackage: Moving 'D:/Studio2_Team6/S2T6_Project/Saved/ThirdPersonExampleMap1F3CE8504BC651297AAEFAA20E88FF3E.tmp' to 'D:/Studio2_Team6/S2T6_Project/Content/ThirdPersonBP/Maps/ThirdPersonExampleMap.umap'
[2020.02.12-03.45.08:683][283]LogFileHelpers: Saving map 'ThirdPersonExampleMap' took 0.337
[2020.02.12-03.45.08:708][283]Cmd: OBJ SAVEPACKAGE PACKAGE="/Game/ThirdPersonBP/Blueprints/ThirdPersonCharacter" FILE="D:/Studio2_Team6/S2T6_Project/Content/ThirdPersonBP/Blueprints/ThirdPersonCharacter.uasset" SILENT=true
[2020.02.12-03.45.08:752][283]LogSavePackage: Moving 'D:/Studio2_Team6/S2T6_Project/Saved/ThirdPersonCharacterC665518D4BD14B5F7DB15D961A738C92.tmp' to 'D:/Studio2_Team6/S2T6_Project/Content/ThirdPersonBP/Blueprints/ThirdPersonCharacter.uasset'
[2020.02.12-03.45.08:774][283]AssetCheck: New page: Asset Save: multiple assets
[2020.02.12-03.45.08:774][283]LogContentValidation: Display: Validating World /Game/ThirdPersonBP/Maps/ThirdPersonExampleMap.ThirdPersonExampleMap
[2020.02.12-03.45.08:774][283]LogContentValidation: Display: Validating Blueprint /Game/ThirdPersonBP/Blueprints/ThirdPersonCharacter.ThirdPersonCharacter
[2020.02.12-03.45.27:092][576]BlueprintLog: New page: Compile ThirdPersonCharacter
[2020.02.12-03.45.27:501][576]LogUObjectHash: Compacting FUObjectHashTables data took   4.43ms
[2020.02.12-03.46.59:864][ 50]BlueprintLog: New page: Compile ThirdPersonCharacter
[2020.02.12-03.47.00:308][ 50]LogUObjectHash: Compacting FUObjectHashTables data took   3.79ms
[2020.02.12-03.47.10:971][412]LogUObjectHash: Compacting FUObjectHashTables data took   4.45ms
[2020.02.12-03.47.11:034][412]LogUObjectHash: Compacting FUObjectHashTables data took   1.10ms
[2020.02.12-03.47.11:355][412]LogSavePackage: Moving 'D:/Studio2_Team6/S2T6_Project/Saved/ThirdPersonExampleMapB3B7259446C373C1065104B446A0FAB0.tmp' to 'D:/Studio2_Team6/S2T6_Project/Content/ThirdPersonBP/Maps/ThirdPersonExampleMap.umap'
[2020.02.12-03.47.11:378][412]LogFileHelpers: Saving map 'ThirdPersonExampleMap' took 0.378
[2020.02.12-03.47.11:392][412]Cmd: OBJ SAVEPACKAGE PACKAGE="/Game/ThirdPersonBP/Blueprints/ThirdPersonCharacter" FILE="D:/Studio2_Team6/S2T6_Project/Content/ThirdPersonBP/Blueprints/ThirdPersonCharacter.uasset" SILENT=true
[2020.02.12-03.47.11:441][412]LogSavePackage: Moving 'D:/Studio2_Team6/S2T6_Project/Saved/ThirdPersonCharacter43ECFB994529EBBDE725F7B83B9CE179.tmp' to 'D:/Studio2_Team6/S2T6_Project/Content/ThirdPersonBP/Blueprints/ThirdPersonCharacter.uasset'
[2020.02.12-03.47.11:464][412]AssetCheck: New page: Asset Save: multiple assets
[2020.02.12-03.47.11:464][412]LogContentValidation: Display: Validating World /Game/ThirdPersonBP/Maps/ThirdPersonExampleMap.ThirdPersonExampleMap
[2020.02.12-03.47.11:465][412]LogContentValidation: Display: Validating Blueprint /Game/ThirdPersonBP/Blueprints/ThirdPersonCharacter.ThirdPersonCharacter
[2020.02.12-03.47.12:483][484]LogEditorViewport: Clicking on Actor (LMB): StaticMeshActor (Floor)
[2020.02.12-03.47.16:734][749]LogEditorViewport: Clicking on Actor (LMB): StaticMeshActor (LeftArm_StaticMesh)
[2020.02.12-03.47.18:472][905]Cmd: DELETE
[2020.02.12-03.47.18:472][905]Cmd: ACTOR DELETE
[2020.02.12-03.47.18:474][905]LogEditorActor: Deleted Actor: StaticMeshActor
[2020.02.12-03.47.18:475][905]LogEditorActor: Deleted Actor: StaticMeshActor
[2020.02.12-03.47.18:514][905]LogUObjectHash: Compacting FUObjectHashTables data took   3.94ms
[2020.02.12-03.47.18:517][905]LogEditorActor: Deleted 2 Actors (0.045 secs)
[2020.02.12-03.47.21:774][289]LogEditorViewport: Clicking on Actor (LMB): StaticMeshActor (Bump_StaticMesh)
[2020.02.12-03.47.40:890][803]MapCheck: New page: Map Check
[2020.02.12-03.47.40:906][803]LightingResults: New page: Lighting Build - 13 Feb 2020, 1:47:40 am
[2020.02.12-03.47.40:962][803]LogSwarmInterface: [OpenConnection] Registering TCP channel ...
[2020.02.12-03.47.41:077][803]LogSwarmInterface: [OpenConnection] Connecting to agent ...
[2020.02.12-03.47.41:094][803]LogSwarmInterface: [TryOpenConnection] Testing the Agent
[2020.02.12-03.47.41:603][803]LogSwarmInterface: [TryOpenConnection] Opening Connection to Agent
[2020.02.12-03.47.41:604][803]LogSwarmInterface: [TryOpenConnection] Local Process ID is 12276
[2020.02.12-03.47.49:133][803]LogStaticLightingSystem: Running Lightmass w/ ImmediateImport mode ENABLED
[2020.02.12-03.47.49:133][803]LogStaticLightingSystem: Running Lightmass w/ ImmediateProcess mode ENABLED
[2020.02.12-03.47.49:133][803]LogStaticLightingSystem: Running Lightmass w/ Sorting mode ENABLED
[2020.02.12-03.47.49:133][803]LogStaticLightingSystem: Running Lightmass w/ Mapping paddings ENABLED
[2020.02.12-03.47.49:133][803]LogStaticLightingSystem: Running Lightmass w/ Mapping debug paddings DISABLED
[2020.02.12-03.47.49:364][803]LogEditorBuildUtils: Build time 0:08
[2020.02.12-03.47.49:491][804]LogMaterial: Display: Missing cached shader map for material FLightmassMaterialRenderer RampMaterial, compiling. 
[2020.02.12-03.47.49:518][804]LogMaterial: Display: Missing cached shader map for material FLightmassMaterialRenderer RampMaterial, compiling. 
